20230621	09:55:24	ffa6d3e0-411b-4971-8fe8-ab3e6d91a7c0	OPTIONS	/auth	http://localhost:3000
20230621	09:55:24	cfd744f3-f91d-4aa3-8487-d450509a8bce	POST	/auth	http://localhost:3000
20230621	09:55:24	e0e44cf7-65be-4f84-b43d-d2f1353aa62e	OPTIONS	/products	http://localhost:3000
20230621	09:55:24	4a32f7db-34f9-4485-b183-ccefb3fe94b2	OPTIONS	/users	http://localhost:3000
20230621	09:55:24	8ee91a49-03eb-4fea-9f7e-e6f9f86a3809	GET	/products	http://localhost:3000
20230621	11:06:28	5a2df16c-85f1-4428-9396-96881d1e0c64	OPTIONS	/auth	http://localhost:3000
20230621	11:06:28	c65ef9d1-abd7-467b-b22d-de190139bf13	POST	/auth	http://localhost:3000
20230621	11:06:37	a9708baf-6d3b-45b4-9498-dc4c5e2ffeb6	OPTIONS	/auth	http://localhost:3000
20230621	11:06:37	e5308461-87ca-44ea-a4ab-079f937c7ce2	POST	/auth	http://localhost:3000
20230621	11:06:38	a33ca735-5881-491a-9b89-4b137b17446c	POST	/auth	http://localhost:3000
20230621	11:06:39	c1318b38-c88c-4021-b316-e1591e8b63e5	POST	/auth	http://localhost:3000
20230621	11:06:40	7f095b0a-2d0f-4c12-8e48-e0b4bdb6143e	POST	/auth	http://localhost:3000
20230621	11:06:41	de8be399-8fc6-4306-bcb6-b05ab064cecd	POST	/auth	http://localhost:3000
20230621	11:08:19	cf44c362-4631-4ea3-b53e-989139506208	OPTIONS	/auth	http://localhost:3000
20230621	11:08:19	b9a28ebb-9781-4d23-9e55-ebfecc0dbc8d	POST	/auth	http://localhost:3000
20230621	11:08:25	4e1a97c6-3c21-44ef-8fda-f121f1a5c82e	OPTIONS	/auth	http://localhost:3000
20230621	11:08:25	2b7db6bc-9af1-4abb-9353-dbb4069b6e19	POST	/auth	http://localhost:3000
20230621	11:08:26	b16c9c71-159c-470d-a7a3-ea056392efbd	POST	/auth	http://localhost:3000
20230621	11:08:27	67b6b323-1efa-4d7a-a9b1-e4fa87bb2e1c	POST	/auth	http://localhost:3000
20230621	11:08:27	78923b29-111e-40ee-9a94-d198d776149a	POST	/auth	http://localhost:3000
20230621	11:08:28	7c54d64c-965c-44c3-95ed-e0c35ca8faef	POST	/auth	http://localhost:3000
20230621	11:08:30	eb93cfb5-d5c1-4457-a980-ae49226b57ad	OPTIONS	/auth	http://localhost:3000
20230621	11:08:30	27a33d47-3c30-490d-9ad8-8a842be11c4c	POST	/auth	http://localhost:3000
20230621	11:08:31	5dc9edd8-1326-4c36-8df5-0b929c0aa162	POST	/auth	http://localhost:3000
20230621	11:10:48	22eacb15-7b5a-490a-926c-f44ee7bb1e3d	OPTIONS	/auth	http://localhost:3000
20230621	11:10:48	84e1d908-23f5-471e-a356-afc95e003144	POST	/auth	http://localhost:3000
20230621	11:10:54	436b9558-8cfe-4272-b7a3-b407e0414c00	OPTIONS	/auth	http://localhost:3000
20230621	11:10:54	2b4c2e6f-7137-4137-92ef-07ed10520e30	POST	/auth	http://localhost:3000
20230621	11:10:54	807c18ea-5320-4c9c-82dd-cf6350d8c322	POST	/auth	http://localhost:3000
20230621	11:10:54	4f7617bc-04e1-4844-afa8-9352ba8e87f6	POST	/auth	http://localhost:3000
20230621	11:10:57	3407d338-61c1-4172-90d1-a72c2ab0a169	POST	/auth	http://localhost:3000
20230621	11:10:58	8bff4279-9aec-4687-9616-26fea05df1c9	POST	/auth	http://localhost:3000
20230621	11:10:59	4ac2b617-6280-4def-94e4-3bb70daacb7a	OPTIONS	/auth	http://localhost:3000
20230621	11:10:59	19de1a02-ff07-4ff1-9405-3901c698dfcf	POST	/auth	http://localhost:3000
20230621	11:10:59	3ae47328-6df8-4825-b77e-c4d79d6a5ca0	POST	/auth	http://localhost:3000
20230621	11:12:32	11773e91-3e4d-4cf0-9dd9-4a80b840a594	OPTIONS	/auth	http://localhost:3000
20230621	11:12:32	d1d9958b-e82b-4661-a647-17ec99bba235	POST	/auth	http://localhost:3000
20230621	11:15:53	6347e8c2-3fb6-478c-b9a7-f889b401e3b2	OPTIONS	/auth	http://localhost:3000
20230621	11:15:53	dd4d6257-4e54-4cf5-b557-9671330df43d	POST	/auth	http://localhost:3000
20230621	11:15:55	0289df07-b61f-4e48-a83c-9673324223d0	POST	/auth	http://localhost:3000
20230621	11:15:55	cf2485bd-73d6-4234-9a16-8d43c0801577	POST	/auth	http://localhost:3000
20230621	11:15:55	7018028f-9870-4f5c-b859-33e9412989b4	POST	/auth	http://localhost:3000
20230621	11:15:55	ca74ef7e-42cb-4fb5-b3a7-255c8cd39852	POST	/auth	http://localhost:3000
20230621	11:15:55	e79fbb4d-29be-48aa-a49d-cf2481a1f6c5	POST	/auth	http://localhost:3000
20230621	11:15:56	e7b457fd-0d8d-4b49-a7bc-295af3580a3d	POST	/auth	http://localhost:3000
20230621	11:15:56	475e9283-e27f-48f5-8b6c-cb288e01a9b9	POST	/auth	http://localhost:3000
20230621	11:16:12	52494a23-9fd1-4c2b-ae88-d06f83fa28d5	OPTIONS	/auth	http://localhost:3000
20230621	11:16:12	5dab515a-22ca-4019-a55e-d6bbafcbfc11	POST	/auth	http://localhost:3000
20230621	11:25:03	c83b6f4c-7524-4342-b1b1-cd0cbf69dcbd	OPTIONS	/auth	http://localhost:3000
20230621	11:25:03	af40473d-5877-4f85-8e1d-6031e96d4cb4	POST	/auth	http://localhost:3000
20230621	11:25:08	0e500fbb-5985-48b5-b308-2b439f14ef65	OPTIONS	/auth	http://localhost:3000
20230621	11:25:08	3ef37b68-4770-4392-bfb5-85338afbe521	POST	/auth	http://localhost:3000
20230621	11:25:08	138d3006-0f81-4f9f-b0d7-ff3212c3d072	OPTIONS	/products	http://localhost:3000
20230621	11:25:08	b0759a24-168f-41bf-b7b1-e8967dc8e337	OPTIONS	/users	http://localhost:3000
20230621	11:25:08	7e5d9fda-dfda-4bdd-8e7b-fd93404a3254	GET	/products	http://localhost:3000
20230621	11:25:08	14177e96-59f2-461c-9428-cecf5093f32b	GET	/users	http://localhost:3000
20230621	11:25:56	0dba2bae-7ad8-4c9b-bd1f-2081c45b21ef	OPTIONS	/auth	http://localhost:3000
20230621	11:25:56	976e7e31-553c-45bd-8e9f-bc7c09242394	POST	/auth	http://localhost:3000
20230621	11:25:56	e4ef7b05-5dd9-4756-8ff9-82cf5269fdaa	OPTIONS	/products	http://localhost:3000
20230621	11:25:56	f2655c02-cd24-4ee4-9c0d-a43ec1a2506f	OPTIONS	/users	http://localhost:3000
20230621	11:25:56	ac3569b0-493e-447f-b38d-a455fe1d8d36	GET	/products	http://localhost:3000
20230621	11:25:56	a2cefeb3-b3d5-4c78-81b9-516f193ef7e4	GET	/users	http://localhost:3000
20230621	11:36:22	12dee374-4af1-4274-8157-153198c24dce	OPTIONS	/products	http://localhost:3000
20230621	11:36:22	d3fef06b-9c97-4633-8ce2-6221e6e42c3c	GET	/products	http://localhost:3000
20230621	11:36:22	6cb87987-ed14-4037-ad96-1332c2cded10	OPTIONS	/auth/refresh	http://localhost:3000
20230621	11:36:22	00012a4c-44f0-4063-bcd4-182a61a338b1	GET	/auth/refresh	http://localhost:3000
20230621	11:36:27	7e6fc2eb-eb9a-491d-ade5-fc2cb370b8cc	OPTIONS	/auth/logout	http://localhost:3000
20230621	11:36:27	af380642-03ee-4aa7-afbf-3574da22c6b1	POST	/auth/logout	http://localhost:3000
20230621	11:37:03	7d9c9075-42d8-4fa8-96d5-bcd1eab9afb0	OPTIONS	/auth	http://localhost:3000
20230621	11:37:03	9d4f26dc-4165-4d35-908b-301107310428	POST	/auth	http://localhost:3000
20230621	11:37:03	c49238a6-4215-486a-9563-b9b5cf0ad206	OPTIONS	/products	http://localhost:3000
20230621	11:37:03	c361c236-e19e-46fb-ae0f-384f087ad162	OPTIONS	/users	http://localhost:3000
20230621	11:37:03	f0bdf86d-ac21-44da-b610-561f63681111	GET	/products	http://localhost:3000
20230621	11:37:03	347d8145-7835-4320-8e7f-b40d52c898fb	GET	/users	http://localhost:3000
20230621	11:37:25	f9de9d11-a62c-4557-8c40-1e7a967f07d5	GET	/auth/refresh	http://localhost:3000
20230621	11:37:25	9c26a5b3-cdb8-4822-8c15-1781281682ba	OPTIONS	/products	http://localhost:3000
20230621	11:37:25	25644013-0aa1-4493-a5e7-40651c48e3e1	OPTIONS	/users	http://localhost:3000
20230621	11:37:25	5972a274-522d-43cd-a82d-1eaafaaa94c4	GET	/products	http://localhost:3000
20230621	11:37:25	ebcfa2a5-7086-496b-894f-ca2d0baca852	GET	/users	http://localhost:3000
20230621	11:38:56	b7a1f8be-529b-48b3-8f2f-fe942bdf700a	OPTIONS	/auth	http://localhost:3000
20230621	11:38:56	f1170a44-a69c-4044-beb9-df00139712e5	POST	/auth	http://localhost:3000
20230621	11:38:56	64d134f9-9944-4384-81b3-834e296f289a	OPTIONS	/products	http://localhost:3000
20230621	11:38:56	2e238150-1bc1-4250-a8fe-92bbcce9d2f8	OPTIONS	/users	http://localhost:3000
20230621	11:38:56	a0e6e71c-92cb-4f54-9e72-00fb5146e1b7	GET	/products	http://localhost:3000
20230621	11:38:56	03339b5e-03df-4de0-855a-874906eed166	GET	/users	http://localhost:3000
20230621	11:39:07	56075c47-aadb-4c91-b614-587fbe5d6839	OPTIONS	/products	http://localhost:3000
20230621	11:39:07	eded018d-b51c-4ac6-8d2c-acc53a0767e2	GET	/products	http://localhost:3000
20230621	11:39:10	da85c647-338e-4042-bf3d-c301ae4c22a2	OPTIONS	/users	http://localhost:3000
20230621	11:39:10	87f3ae2b-fed3-44bb-970f-4578dfd0e8c7	GET	/users	http://localhost:3000
20230621	11:39:26	e3d6ca86-96f0-4c8b-887d-6be65352c4f9	OPTIONS	/users	http://localhost:3000
20230621	11:39:26	b33d7a68-f5fc-4873-9b48-d440718aafbb	GET	/users	http://localhost:3000
20230621	11:39:26	e7f499ca-7b7f-4065-941d-8598654f2398	OPTIONS	/auth/refresh	http://localhost:3000
20230621	11:39:26	509dea01-8234-4364-aedf-cb1144173049	GET	/auth/refresh	http://localhost:3000
20230621	11:39:29	07f38c1c-bb68-4f68-a5bd-430b4d7a5be7	GET	/users	http://localhost:3000
20230621	11:39:29	2499600d-aad4-46ba-808a-f38e9cecdb39	GET	/auth/refresh	http://localhost:3000
20230621	11:40:10	7fd9aaae-3752-40df-8dd9-b9bcc26580c1	GET	/auth/refresh	http://localhost:3000
20230621	11:40:11	2dbbe7af-c193-4683-b4c8-6b05b7936bfe	GET	/auth/refresh	http://localhost:3000
20230621	11:40:11	4de7e92d-f943-412f-bcf2-62f8ec9901e9	GET	/auth/refresh	http://localhost:3000
20230621	11:40:11	577bdd14-5173-4f60-aa6d-862e62279dfb	GET	/auth/refresh	http://localhost:3000
20230621	11:40:22	28ce9e5a-0be7-464d-be36-5c61c97f1781	OPTIONS	/auth	http://localhost:3000
20230621	11:40:22	9bb71fb8-d68e-42f1-805f-eb88917585fc	POST	/auth	http://localhost:3000
20230621	11:40:22	148c991c-14a3-4674-bbc1-3152317b4150	OPTIONS	/products	http://localhost:3000
20230621	11:40:22	9a1f85d3-b95a-423a-8eb1-8fc1bc4ef14e	OPTIONS	/users	http://localhost:3000
20230621	11:40:22	3eded00b-08db-4813-953b-a70ba0624a49	GET	/products	http://localhost:3000
20230621	11:40:22	ac19586b-b0bf-420e-be51-84e40a84ed25	GET	/users	http://localhost:3000
20230621	11:40:23	0b14b762-6cee-4ae1-ae6b-8e42438403eb	GET	/products	http://localhost:3000
20230621	11:41:27	211f8618-248f-450a-a406-aa71f8cdea2b	OPTIONS	/auth	http://localhost:3000
20230621	11:41:27	ff11a490-5aa2-48ea-8d76-46bad5fc02b6	POST	/auth	http://localhost:3000
20230621	11:41:28	21ad493a-9720-4fad-9e6e-974d905eb866	OPTIONS	/products	http://localhost:3000
20230621	11:41:28	d22966a0-58c4-4899-b0d7-552bff16ceeb	OPTIONS	/users	http://localhost:3000
20230621	11:41:28	dcf37831-b164-4d43-898c-764c6068a1fb	GET	/products	http://localhost:3000
20230621	11:41:28	c119a845-1969-4265-8d77-79179e7bd528	GET	/users	http://localhost:3000
20230621	11:44:21	51266eab-ec8c-4b21-99e5-6dbc839c7bfd	OPTIONS	/auth	http://localhost:3000
20230621	11:44:21	7afd355a-608b-4671-94df-e1bd971a24c7	POST	/auth	http://localhost:3000
20230621	11:44:24	4316ba08-1a03-4ca6-a432-48f28ae46424	POST	/auth	http://localhost:3000
20230621	11:44:25	6ff7bb50-a0d7-4b6f-b077-0016836b1cfa	OPTIONS	/products	http://localhost:3000
20230621	11:44:25	1780cc41-4f15-49d3-a1c7-da9b0cd281c9	OPTIONS	/users	http://localhost:3000
20230621	11:44:25	1c1002a8-680c-4679-b766-0e353ad80c3b	GET	/products	http://localhost:3000
20230621	11:44:25	f0fbbc32-3f1c-45ed-a686-a575bdbebabb	GET	/users	http://localhost:3000
20230621	11:44:36	65d48a05-617c-406f-9587-12ab9a85690d	OPTIONS	/products	http://localhost:3000
20230621	11:44:36	dcd80a5c-52bb-4acc-8f99-626783e9b89f	GET	/products	http://localhost:3000
20230621	11:44:44	88d16711-7e01-43bb-a912-2896405b4d0d	OPTIONS	/products	http://localhost:3000
20230621	11:44:44	d0c058b6-5d0c-4ae4-aff4-d959bd6fd0da	GET	/products	http://localhost:3000
20230621	11:44:44	a31fe6a6-8eb3-46f0-ac16-b92e61746722	OPTIONS	/auth/refresh	http://localhost:3000
20230621	11:44:44	be311432-54e1-4465-8e06-0e9c64203733	GET	/auth/refresh	http://localhost:3000
20230621	11:44:45	1f1869e5-8bec-4376-b19d-71b8f8072e1a	GET	/products	http://localhost:3000
20230621	11:44:46	ac68b366-9526-4da4-9ba5-4a50feaf34d8	GET	/auth/refresh	http://localhost:3000
20230621	11:44:46	0c702940-6181-48d1-9df5-ebdc4bb5e778	GET	/products	http://localhost:3000
20230621	11:44:46	9a315296-0a13-417d-a23f-69f8e86ca601	OPTIONS	/users	http://localhost:3000
20230621	11:44:46	b7e13a4c-e09e-4fac-8d35-a5a82044a321	GET	/users	http://localhost:3000
20230621	11:45:01	7af32e64-4863-4702-b4e6-f47c51e5b601	OPTIONS	/products	http://localhost:3000
20230621	11:45:01	3f65acb4-913f-4d41-b996-b8dca826865a	GET	/products	http://localhost:3000
20230621	11:45:01	cb947797-9dbb-4b7c-9b1e-f4b086194b5a	OPTIONS	/auth/refresh	http://localhost:3000
20230621	11:45:01	4a9bb613-a9c6-4090-b2f0-b0d4083cf51e	GET	/auth/refresh	http://localhost:3000
20230621	11:45:10	e6910c25-8416-4036-b423-0917e49c2061	OPTIONS	/products	http://localhost:3000
20230621	11:45:10	8e45bbb0-094b-49f1-863e-6199d8f98c11	GET	/products	http://localhost:3000
20230621	11:45:10	837337f1-b7da-48fc-806f-5ee52147e966	OPTIONS	/auth/refresh	http://localhost:3000
20230621	11:45:10	a47da74e-0b2d-4988-bb20-45f155b42197	GET	/auth/refresh	http://localhost:3000
20230621	11:45:11	e9a8877a-00ed-4df3-9808-a928f949d370	GET	/auth/refresh	http://localhost:3000
20230621	11:45:11	1839484b-13cd-42cd-9a26-5b9fbaf5c081	GET	/auth/refresh	http://localhost:3000
20230621	11:45:12	01a76f77-c83b-4ac0-8936-ae43ccee4f94	GET	/auth/refresh	http://localhost:3000
20230621	11:45:13	590580a1-2cd8-4147-a7da-1ec25b1d6480	GET	/auth/refresh	http://localhost:3000
20230621	11:45:25	58c670b8-5143-4e62-aab3-d07abfdfc061	OPTIONS	/auth	http://localhost:3000
20230621	11:45:25	8e537fdd-4ee7-4267-9fd5-eff0002c7799	POST	/auth	http://localhost:3000
20230621	11:45:25	4297bdc4-67b7-4f09-9113-08bb7ce5d41b	OPTIONS	/products	http://localhost:3000
20230621	11:45:25	32832b38-df74-4984-84fd-9cfb8f1b905d	OPTIONS	/users	http://localhost:3000
20230621	11:45:25	81b6eed5-7684-4ae9-8147-d8178b034cbb	GET	/products	http://localhost:3000
20230621	11:45:25	03bd53d9-bc9f-4543-9618-a6b67386dd65	GET	/users	http://localhost:3000
20230621	11:47:46	852f8ffd-ca46-478b-9ee3-d8c0d65c3b95	OPTIONS	/auth/logout	http://localhost:3000
20230621	11:47:46	2a5ac4cf-a9cf-4513-af61-e281a12b7fd8	POST	/auth/logout	http://localhost:3000
20230621	11:50:59	619fdbd9-b450-453d-bbd5-dd351a7a6dd5	OPTIONS	/api/auth/login	http://localhost:3001
20230621	11:51:24	c618d35d-0afe-4f92-8c85-b488022d0f04	OPTIONS	/api/auth/login	http://localhost:3001
20230621	11:51:26	925ea534-69d4-40b6-ad29-018404612aa9	OPTIONS	/api/auth/login	http://localhost:3001
20230621	11:51:28	5a481e13-dc06-4772-9083-5a88e80c2cdc	OPTIONS	/api/auth/login	http://localhost:3001
20230621	11:58:23	ef34543d-e887-46e4-b338-00b518204a79	OPTIONS	/auth	http://localhost:3000
20230621	11:58:23	76c15a32-dea1-42c8-9b97-66f21cb6d297	POST	/auth	http://localhost:3000
20230621	11:58:26	11e434e0-b251-4ec1-ad00-71e1a195cb12	POST	/auth	http://localhost:3000
20230621	11:58:26	8a96c2ec-4c0b-45b0-ad74-372e27d57ba6	OPTIONS	/products	http://localhost:3000
20230621	11:58:26	8c3ace06-4778-47b1-a5cc-28fea232ad07	OPTIONS	/users	http://localhost:3000
20230621	11:58:26	2e715fde-9f22-46e1-80d4-91cbb95ea841	GET	/products	http://localhost:3000
20230621	11:58:26	83c559c3-c2e0-4015-8799-f16245a0aab0	GET	/users	http://localhost:3000
20230621	12:00:55	b34baf2b-221b-49c9-a60e-e6c8c9b2041a	GET	/auth/refresh	http://localhost:3000
20230621	12:00:55	2f42030f-18db-4ffc-9379-28cb86a435b4	GET	/auth/refresh	http://localhost:3000
20230621	12:03:24	bc3c010a-101b-438b-9d4f-4995338b0322	OPTIONS	/auth	http://localhost:3000
20230621	12:03:24	b06fe07d-c63f-4a45-8ff4-084ec112afc4	POST	/auth	http://localhost:3000
20230621	12:03:24	6ac2c28a-99ef-4731-84ff-96cebe9026b3	OPTIONS	/products	http://localhost:3000
20230621	12:03:24	2093d4b6-cc6e-4288-b3a0-1f3f65e512b4	OPTIONS	/users	http://localhost:3000
20230621	12:03:24	81041624-e14d-410b-8a02-2f4432d59597	GET	/products	http://localhost:3000
20230621	12:03:24	10b9fd26-b9cb-4cbc-bac4-dbbe2d3e5b0c	GET	/users	http://localhost:3000
20230621	12:04:57	27fb4f08-56c8-4106-9b03-5ce3a17f8f07	GET	/auth/refresh	http://localhost:3000
20230621	12:04:57	3d146d25-897e-494c-88dd-1990479e2540	GET	/auth/refresh	http://localhost:3000
20230621	12:05:11	698dc595-adc8-4a54-822d-549207738563	OPTIONS	/auth	http://localhost:3000
20230621	12:05:11	d46495ad-c321-4eb2-83c5-b325d8798dff	POST	/auth	http://localhost:3000
20230621	12:05:11	f9e28cc7-c3f4-42b2-be69-85a44feefa4e	OPTIONS	/products	http://localhost:3000
20230621	12:05:11	9fa352b0-11eb-42fb-a94c-d65bf015aedd	OPTIONS	/users	http://localhost:3000
20230621	12:05:11	1731615a-4da4-4990-9888-77b5c585815f	GET	/products	http://localhost:3000
20230621	12:05:11	b69d32ae-08d4-4344-b4b2-879e92b40ae3	GET	/users	http://localhost:3000
20230621	12:05:22	8432c7b2-d871-4643-908e-3494b136f99d	GET	/auth/refresh	http://localhost:3000
20230621	12:05:22	cc9cba54-3c81-42cf-9044-f9ceca92241d	OPTIONS	/products	http://localhost:3000
20230621	12:05:22	1ae636c2-e0ee-49ad-b94c-6e18f695ac13	GET	/products	http://localhost:3000
20230621	12:05:22	b0448ab8-4cdc-42ca-ba23-ddcc415132ab	OPTIONS	/users	http://localhost:3000
20230621	12:05:22	0cf0fa39-c961-44cd-a29d-620c439092bd	GET	/users	http://localhost:3000
20230621	12:05:58	d73445d9-5b5a-4e10-b916-f54d71660baa	GET	/auth/refresh	http://localhost:3000
20230621	12:05:58	44fa33cb-a675-4372-b923-f1d5f8177028	GET	/auth/refresh	http://localhost:3000
20230621	12:07:13	9ae53f40-93b3-442a-a1cb-751d8c5505aa	OPTIONS	/auth	http://localhost:3000
20230621	12:07:13	72aae8d8-4433-4cfc-b69f-48a42a479352	POST	/auth	http://localhost:3000
20230621	12:07:13	56a1adc7-b349-457c-8270-d62248ecf92b	OPTIONS	/products	http://localhost:3000
20230621	12:07:13	28b59ba4-934a-46a4-968d-64a2809cfafb	OPTIONS	/users	http://localhost:3000
20230621	12:07:13	aa8025a1-ae41-4cc0-abf1-5940e67f2f8e	GET	/products	http://localhost:3000
20230621	12:07:13	d02ec445-b2c9-426b-ac52-dda0e823fb24	GET	/users	http://localhost:3000
20230621	12:12:41	5d9eb2e2-9911-48ae-b381-597ff596a73f	GET	/auth/refresh	http://localhost:3000
20230621	12:12:41	ea6effc0-83c0-420a-9c31-5c7ddb83db42	GET	/auth/refresh	http://localhost:3000
20230621	12:14:32	49059121-5ce0-4d41-ac98-438e35f7b1a7	OPTIONS	/auth	http://localhost:3000
20230621	12:14:32	cc212292-982b-4eaa-bca2-d68d8a455954	POST	/auth	http://localhost:3000
20230621	12:52:12	c507a60e-6afe-4548-b65a-42aa65292f15	OPTIONS	/auth	http://localhost:3000
20230621	12:52:12	070e445f-9d19-4f3d-8efd-eb41d2083e08	POST	/auth	http://localhost:3000
20230621	12:52:17	1d6dcd3b-8132-4715-bf48-8dab4c0a1b56	OPTIONS	/auth	http://localhost:3000
20230621	12:52:17	754d7d72-dbb2-4c17-a043-8f7702f30760	POST	/auth	http://localhost:3000
20230621	12:52:17	6ab1b42d-7117-48e6-b311-a83a3d9b1a7d	OPTIONS	/products	http://localhost:3000
20230621	12:52:17	a8dd8a36-279d-44c1-a89d-42077d694c5f	OPTIONS	/users	http://localhost:3000
20230621	12:52:17	51321c15-95df-4ecf-83c3-5aba5f21552a	GET	/products	http://localhost:3000
20230621	12:52:17	72053087-496a-470f-abe4-a6320aa3827c	GET	/users	http://localhost:3000
20230621	12:52:40	a8b584ae-bcef-4110-854a-97e989379fc9	OPTIONS	/products	http://localhost:3000
20230621	12:52:40	d5783e83-1bf7-4491-aa44-a666e6549db6	GET	/products	http://localhost:3000
20230621	12:52:40	268151b8-dc76-4154-8ce5-b09edec6cf55	OPTIONS	/auth/refresh	http://localhost:3000
20230621	12:52:40	47f1706d-ea41-484d-b3ae-fde98db2f718	GET	/auth/refresh	http://localhost:3000
20230621	12:52:40	cd09e26a-500c-46e7-bcf1-bdd28f3b6a44	GET	/products	http://localhost:3000
20230621	12:52:50	2a80e4ed-eea7-45bd-803c-827e538b7ec3	OPTIONS	/users	http://localhost:3000
20230621	12:52:50	32a2efba-f6f6-434c-860f-ce0d764d43a4	GET	/users	http://localhost:3000
20230621	12:52:54	55484288-e57b-438f-a601-c97d8e72ed94	GET	/users	http://localhost:3000
20230621	12:53:09	3443570b-0949-4fba-851f-a94f7ab4746a	OPTIONS	/auth/logout	http://localhost:3000
20230621	12:53:09	b7a55df1-e43f-42b8-b145-687d7e3aeed2	POST	/auth/logout	http://localhost:3000
20230621	13:19:47	b433617b-e8f6-4433-aa61-31516f4a5daa	OPTIONS	/auth	http://localhost:3000
20230621	13:19:47	ee6d9f3e-d544-4463-8403-8701b9115df2	POST	/auth	http://localhost:3000
20230621	13:19:57	5ef0e3ac-3ef1-45c8-8c1c-5b3e3d371342	OPTIONS	/auth	http://localhost:3000
20230621	13:19:57	59727f59-803d-4c6f-9455-dce6c7f82b3f	POST	/auth	http://localhost:3000
20230621	13:21:57	1ed24e73-0dbd-493e-ac07-cba9ee13675b	OPTIONS	/auth	http://localhost:3000
20230621	13:21:57	f4ad58bf-c976-40b2-b411-715c2181664b	POST	/auth	http://localhost:3000
20230621	13:22:00	91383a35-2c26-4f79-ad54-7f0a666b58f7	POST	/auth	http://localhost:3000
20230621	13:22:00	d643b988-1f96-4ebb-aecf-5ef73f682f3d	OPTIONS	/products	http://localhost:3000
20230621	13:22:00	9b24c68a-0661-460c-b136-e5eeffac5a30	OPTIONS	/users	http://localhost:3000
20230621	13:22:00	aa01a34b-0c4c-4364-ab43-4f34cdf82c93	GET	/products	http://localhost:3000
20230621	13:22:00	ea329023-ecc5-40f3-a585-e2533d7243cf	GET	/users	http://localhost:3000
20230621	13:22:10	b3515b8b-0dac-4277-8eb4-02166df5423d	GET	/auth/refresh	http://localhost:3000
20230621	13:22:11	34da57f3-f25a-4c15-8295-145cf747409e	OPTIONS	/products	http://localhost:3000
20230621	13:22:11	33014236-b458-4c46-97ab-5fa7923e4bd9	OPTIONS	/users	http://localhost:3000
20230621	13:22:11	4e0a326d-4a83-4522-a2b6-9b74007f5273	GET	/products	http://localhost:3000
20230621	13:22:11	827ea4d7-da8f-44a4-8df3-08193cf8be34	GET	/users	http://localhost:3000
20230621	13:22:51	9db04a86-ca63-47b7-ab2c-90b634891235	OPTIONS	/products	http://localhost:3000
20230621	13:22:51	a33c82e5-d15b-4129-a433-a9c028d6fb99	OPTIONS	/users	http://localhost:3000
20230621	13:22:51	bf48736e-9cd5-4b53-b291-74d0e09f80fc	GET	/products	http://localhost:3000
20230621	13:22:51	75b9e2f7-7ae7-4a6b-b8da-88c86d77ad78	GET	/users	http://localhost:3000
20230621	13:22:51	010c9c62-b90f-45d9-a324-68edbb539cc1	OPTIONS	/auth/refresh	http://localhost:3000
20230621	13:22:51	a1622a26-5c4f-47e5-8cbc-609a734186c8	GET	/auth/refresh	http://localhost:3000
20230621	13:22:51	2721fb36-3639-419e-afbd-d441c884b2aa	GET	/auth/refresh	http://localhost:3000
20230621	13:23:03	969ead72-772e-4608-89c3-6ae00cb7b4b6	OPTIONS	/auth/logout	http://localhost:3000
20230621	13:23:03	a7f8def1-28e5-4976-b027-1fcd08ec11c4	POST	/auth/logout	http://localhost:3000
20230621	13:23:21	ed07cf82-0fd1-493e-ac8f-aaa8acdf146d	OPTIONS	/auth	http://localhost:3000
20230621	13:23:21	3383e45f-0a87-4c24-b09b-7d9d160ac192	POST	/auth	http://localhost:3000
20230621	13:23:40	ba6b10b1-84fc-4624-8931-348c20f47bc0	OPTIONS	/auth	http://localhost:3000
20230621	13:23:41	b99e63c6-879e-4e17-803d-72b27786f007	POST	/auth	http://localhost:3000
20230621	13:23:41	a4a9ec2b-c9f4-4a0c-a3f3-764eec9cf79c	OPTIONS	/products	http://localhost:3000
20230621	13:23:41	08551f47-5c2f-437b-8a65-bdbe9e9832fd	OPTIONS	/users	http://localhost:3000
20230621	13:23:41	72a5c7a2-8913-4136-ae5c-fc0d1499b66e	GET	/products	http://localhost:3000
20230621	13:23:41	cf468006-a037-49cc-aea1-6e8efb6f757d	GET	/users	http://localhost:3000
20230621	13:23:50	eccbcf3c-f642-4915-ab6d-2c199856c678	GET	/auth/refresh	http://localhost:3000
20230621	13:23:50	51bf0a81-905f-414e-a77c-c5a314288df6	OPTIONS	/products	http://localhost:3000
20230621	13:23:50	30e87be3-0f32-4ff0-9e64-ae6010fc29a7	OPTIONS	/users	http://localhost:3000
20230621	13:23:50	5b9bcbd3-36e2-4ac6-9916-d8bd5a8a3053	GET	/products	http://localhost:3000
20230621	13:23:50	79bc53af-3cfe-48e4-af17-ea6f8a4f845c	GET	/users	http://localhost:3000
20230621	13:24:47	ed2bc393-7dbc-4055-bf8b-d00c18dac9cd	OPTIONS	/auth/logout	http://localhost:3000
20230621	13:24:47	8ea8b7fd-5105-4abf-91cd-1f0cbc6e5289	POST	/auth/logout	http://localhost:3000
20230621	13:39:34	6043f9c4-7611-4f3b-a9e9-6d50554fb1cb	OPTIONS	/auth	http://localhost:3000
20230621	13:39:34	59a0c651-80df-471c-96e1-88674d4a55c5	POST	/auth	http://localhost:3000
20230621	13:39:43	44c66bee-13b0-417b-b3a2-ebdc1bb22b5a	OPTIONS	/auth	http://localhost:3000
20230621	13:39:43	5cf25420-fdab-426f-a956-91447088559f	POST	/auth	http://localhost:3000
20230621	13:39:51	05a02416-7821-46dd-9c97-7196e419c97a	OPTIONS	/auth	http://localhost:3000
20230621	13:39:51	3eceeb00-0364-4d65-ac42-a247d3f88331	POST	/auth	http://localhost:3000
20230621	13:40:23	7f5d4f75-aa99-4ce7-9b6f-5b66decb3cef	OPTIONS	/auth	http://localhost:3000
20230621	13:40:23	3ef26362-214d-4e35-a466-41da9c6771a2	POST	/auth	http://localhost:3000
20230621	13:40:25	fef85520-93aa-4d64-af5c-000c566a947e	POST	/auth	http://localhost:3000
20230621	13:40:26	61d440fc-1310-4e3d-9b3a-67b5137b3589	POST	/auth	http://localhost:3000
20230621	13:40:30	f737e8fe-3de9-4b9f-aca6-af13a8aeb198	OPTIONS	/auth	http://localhost:3000
20230621	13:40:30	6d0a2b5d-6e0b-4bb3-8eea-f07127988a0d	POST	/auth	http://localhost:3000
20230621	13:40:32	1cf68bba-7395-4abd-b856-ceb467161772	POST	/auth	http://localhost:3000
20230621	13:40:42	e49917f0-6abd-4306-8a6d-d8bb0836a0fa	OPTIONS	/auth	http://localhost:3000
20230621	13:40:42	22cd200d-dc3e-44ee-9ef3-97148f0c8f7b	POST	/auth	http://localhost:3000
20230621	13:40:44	1cce01e2-9c55-4d57-92bd-3bd02b6d7f4a	POST	/auth	http://localhost:3000
20230621	13:41:28	f831813e-6b26-4d46-82d0-441648edddbd	OPTIONS	/auth	http://localhost:3000
20230621	13:41:28	c4329e8e-de4f-4022-bef6-7ab17b59555f	POST	/auth	http://localhost:3000
20230621	13:41:31	4710fd4b-8471-42a0-9d41-f2a80718890f	POST	/auth	http://localhost:3000
20230621	13:41:31	a93b8641-322f-473b-94a2-071d2a28037c	OPTIONS	/products	http://localhost:3000
20230621	13:41:31	9f0e02a0-2576-4974-87c7-a8a8ef8af215	GET	/products	http://localhost:3000
20230621	13:41:31	ef207145-80f3-4178-8e14-f1529369f2ea	OPTIONS	/users	http://localhost:3000
20230621	13:41:31	2e6d06c2-974f-4cdf-bd79-f2f0b7ec70fe	GET	/users	http://localhost:3000
20230621	13:44:17	9f314893-7070-4c48-8169-8533f2a32f05	OPTIONS	/auth/logout	http://localhost:3000
20230621	13:44:17	7585493e-c70e-4f9e-949c-1375aa2a3481	POST	/auth/logout	http://localhost:3000
20230621	13:57:01	647a5b32-8daa-427d-b365-92b48b77f29e	OPTIONS	/auth	http://localhost:3000
20230621	13:57:01	06f85de3-00ad-4d4d-8eef-f5c299924d64	POST	/auth	http://localhost:3000
20230621	13:57:20	c543eb1f-0816-4278-aed9-e9f0fc134b08	OPTIONS	/auth	http://localhost:3000
20230621	13:57:20	0cbcbf02-ddbf-452e-a33b-a4afe9480881	POST	/auth	http://localhost:3000
20230621	13:57:23	38b9c09b-1766-4139-991b-707117a9f2bc	POST	/auth	http://localhost:3000
20230621	13:57:47	ca804cfa-a583-4e8b-84b1-af3b1ce16a4a	OPTIONS	/auth	http://localhost:3000
20230621	13:57:47	6490b565-baa2-4d93-b0c8-938e72e81b26	POST	/auth	http://localhost:3000
20230621	13:58:06	61e83ada-1a15-4ddd-ba72-ab915c8219bc	OPTIONS	/auth	http://localhost:3000
20230621	13:58:06	ada7835b-99d2-46fa-b52c-73460423f054	POST	/auth	http://localhost:3000
20230621	13:58:14	fecaa27c-ea96-4548-9138-c99542443a2a	OPTIONS	/auth	http://localhost:3000
20230621	13:58:14	fcd39611-c016-4660-bfe9-c1491770d7ef	POST	/auth	http://localhost:3000
20230621	13:58:55	2205f063-7a0e-4dad-8d5b-30c5b1b90c36	OPTIONS	/auth	http://localhost:3000
20230621	13:58:55	40ebc6b1-005e-4db6-a4b3-742b967b3116	POST	/auth	http://localhost:3000
20230621	13:59:23	ebe66c2e-b7b2-47f3-97c7-6e5b6f4da403	OPTIONS	/auth	http://localhost:3000
20230621	13:59:23	d983cfb8-afde-48f5-9ece-ddee3589e4a5	POST	/auth	http://localhost:3000
20230621	13:59:48	ed0ff1a2-b825-4f66-a1ba-c964ec964dd6	OPTIONS	/auth	http://localhost:3000
20230621	13:59:48	72a38233-31e6-49b7-8415-0e975ad8fc86	POST	/auth	http://localhost:3000
20230621	13:59:55	a77eedbb-5465-42b5-9f44-fa5ccb3076d3	OPTIONS	/auth	http://localhost:3000
20230621	13:59:55	fb6f0330-2822-4f1f-a64e-a26ce204ee79	POST	/auth	http://localhost:3000
20230621	14:00:00	8d24d064-eb74-47a0-9247-39d80a0261e0	OPTIONS	/auth	http://localhost:3000
20230621	14:00:00	de013edc-03cc-4d86-93d0-d352344a3266	POST	/auth	http://localhost:3000
20230621	14:00:01	45d21bbc-03e0-46ab-95e5-51f9770f7189	OPTIONS	/products	http://localhost:3000
20230621	14:00:01	387f5aba-4b82-4fba-8e65-55adda6e11ed	OPTIONS	/users	http://localhost:3000
20230621	14:00:01	51922a68-63ce-45c9-af1d-b9bea3305848	GET	/products	http://localhost:3000
20230621	14:00:01	3f35a707-2ca1-4082-9805-94c107292f61	GET	/users	http://localhost:3000
20230621	14:00:04	477eb905-f997-458f-b00b-4acd4e3fa6ef	OPTIONS	/auth/logout	http://localhost:3000
20230621	14:00:04	8a116550-dead-4fc2-9d79-548cfc289b74	POST	/auth/logout	http://localhost:3000
20230621	14:01:21	720e0178-90bd-4951-99fb-d3139b0c16ed	OPTIONS	/auth	http://localhost:3000
20230621	14:01:21	58ceaf79-ea6d-49f7-b25c-470a0e5fcb3a	POST	/auth	http://localhost:3000
20230621	14:01:22	a0f37618-9a54-4c0f-80e2-e493d14d3a50	POST	/auth	http://localhost:3000
20230621	14:10:02	22ac1689-3f63-42dc-b376-c50e16c4601e	OPTIONS	/auth	http://localhost:3000
20230621	14:10:02	7d45af9c-07ee-4b45-b21e-e659320a17c7	POST	/auth	http://localhost:3000
20230621	14:10:09	7091dfc4-61f1-46f1-a114-b12cee22e4b1	OPTIONS	/auth	http://localhost:3000
20230621	14:10:09	66a1332e-353d-4735-887c-d36f900cecaf	POST	/auth	http://localhost:3000
20230621	14:16:39	fa39c04e-7f1e-4c59-a088-187f9a3381bf	OPTIONS	/auth	http://localhost:3000
20230621	14:16:39	c59182a6-74af-4fd1-bc6d-26af5fac491c	POST	/auth	http://localhost:3000
20230621	14:16:41	fd62531b-0ad8-43f7-ac3c-d0b43d44fbec	POST	/auth	http://localhost:3000
20230621	14:16:41	0a0e3112-80f8-41e9-91a4-d6deaa264a1f	OPTIONS	/products	http://localhost:3000
20230621	14:16:41	226c579c-17d4-43b5-8662-2707a8b884bf	OPTIONS	/users	http://localhost:3000
20230621	14:16:41	5e992fea-57d0-471a-8537-9fa18d6d4c06	GET	/products	http://localhost:3000
20230621	14:16:41	48cce713-fa84-4ff7-9ae6-d9e96d0d4421	GET	/users	http://localhost:3000
20230621	14:16:47	279ffdc3-5000-4400-b038-983a7f877acb	GET	/auth/refresh	http://localhost:3000
20230621	14:16:47	ef58b248-004b-42b0-8050-20501af0b25e	OPTIONS	/products	http://localhost:3000
20230621	14:16:47	321246c6-1a7a-4c1e-a867-4d24ba87f4f6	OPTIONS	/users	http://localhost:3000
20230621	14:16:47	be246d3b-6691-4ecf-a833-92b45916c851	GET	/products	http://localhost:3000
20230621	14:16:47	d25d1532-f396-4f76-a88f-49d8456805b9	GET	/users	http://localhost:3000
20230621	14:16:49	47467733-5a71-4bd5-b625-037c86df8129	OPTIONS	/auth/logout	http://localhost:3000
20230621	14:16:49	51672985-0f0f-4436-8a2a-8d88aaf95e9d	POST	/auth/logout	http://localhost:3000
20230621	14:17:00	807fc6ff-1009-4dec-b78d-792005bf1ac4	OPTIONS	/auth	http://localhost:3000
20230621	14:17:00	1e945f8f-f636-4d39-be06-4db34d86f5e8	POST	/auth	http://localhost:3000
20230621	14:17:04	ee33c77b-0052-407c-9af1-fa229b901a80	POST	/auth	http://localhost:3000
20230621	14:17:05	e508f0f8-062f-421e-8149-717633c06175	OPTIONS	/products	http://localhost:3000
20230621	14:17:05	92e7f0f9-b059-4216-ae9d-4de8ab68e7cd	OPTIONS	/users	http://localhost:3000
20230621	14:17:05	e155d8c8-f68f-4236-8fa2-ec00618dcd3a	GET	/products	http://localhost:3000
20230621	14:17:05	8c1c509d-2ca0-49dc-b2c1-8cee941125c5	GET	/users	http://localhost:3000
20230621	14:17:07	598664c7-c0da-4a69-948c-72773a581d7c	GET	/auth/refresh	http://localhost:3000
20230621	14:17:07	f7ef951b-eb9c-43e2-97ba-49b18bd81ed3	GET	/products	http://localhost:3000
20230621	14:17:07	f7af6273-c398-4fe3-8f24-981deb4c1ff1	GET	/users	http://localhost:3000
20230621	14:17:08	69f787d9-ded3-4788-a49a-a9a20e10fa02	GET	/auth/refresh	http://localhost:3000
20230621	14:17:09	2c19aa65-60d0-43f2-83ad-6a48a9f69e03	GET	/products	http://localhost:3000
20230621	14:17:09	90fb2f0a-078b-4bf3-8673-591287a004df	GET	/users	http://localhost:3000
20230621	14:17:13	540dc738-6402-4a24-8bb6-0765b9e71f9d	OPTIONS	/products	http://localhost:3000
20230621	14:17:13	bb4c0536-20b8-4ad9-b622-e33a98146296	OPTIONS	/users	http://localhost:3000
20230621	14:17:13	cfffad9c-f36f-4a19-9181-e387b6199a4e	GET	/products	http://localhost:3000
20230621	14:17:13	d081e4bd-1a49-44fa-aaf4-7a2b2e41e569	GET	/users	http://localhost:3000
20230621	14:17:18	206c95e0-2d44-4c4c-b86d-a413ede66e2a	GET	/auth/refresh	http://localhost:3000
20230621	14:17:18	41975f9b-5a11-47e6-9005-821f3c3f361c	GET	/products	http://localhost:3000
20230621	14:17:18	960a3705-2fdf-4afd-91d1-a99e6a0e5ffa	GET	/users	http://localhost:3000
20230621	14:17:27	bf30b28a-3ef1-4b58-bcf6-16dbdab4f7e1	OPTIONS	/auth/logout	http://localhost:3000
20230621	14:17:27	83d28146-d416-4111-bd12-173e4f7c6e93	POST	/auth/logout	http://localhost:3000
20230621	14:17:41	6166c84a-f879-499a-8510-becb5786f25a	OPTIONS	/auth	http://localhost:3000
20230621	14:17:41	7948e205-cfdb-40aa-9035-5b56aa00fbd8	POST	/auth	http://localhost:3000
20230621	14:17:41	9dc9f59b-c75a-4913-829e-e67b5e7ceaeb	OPTIONS	/products	http://localhost:3000
20230621	14:17:41	7a240153-6943-416f-9137-7a068e43b252	OPTIONS	/users	http://localhost:3000
20230621	14:17:41	bf2891bb-521b-4dd9-9f8a-771c84292869	GET	/products	http://localhost:3000
20230621	14:17:41	01fefcba-991c-4e03-8a62-21c5962bc985	GET	/users	http://localhost:3000
20230621	14:18:30	123ffbcc-292c-425e-98d7-4bf392d90213	OPTIONS	/auth/logout	http://localhost:3000
20230621	14:18:30	5dc38abb-4e19-4868-ba5c-3da3584c1d40	POST	/auth/logout	http://localhost:3000
20230621	16:31:09	a5c7ad43-09be-42e0-bf6d-b9128b68d4c4	GET	/auth/refresh	http://localhost:3000
20230621	16:41:05	88270188-2364-41ee-b9e0-e4758c483633	OPTIONS	/auth	http://localhost:3000
20230621	16:41:05	fe5d569b-cfd7-4f76-bf34-9e453ae7ba77	POST	/auth	http://localhost:3000
20230621	16:41:05	dc7fe800-2f08-445f-8f02-22dac48cbf6a	OPTIONS	/products	http://localhost:3000
20230621	16:41:05	93872ddb-593d-467d-aa21-f8477bb5f419	OPTIONS	/users	http://localhost:3000
20230621	16:41:05	7fc3a0c5-1fd7-47aa-a431-a0133ccb1543	GET	/products	http://localhost:3000
20230621	16:41:05	ee02a249-7446-497b-b3dc-28fe8ce2326d	GET	/users	http://localhost:3000
20230621	16:41:41	0acf6e5b-7fa7-421e-b7e7-d49b8dc1ab15	GET	/auth/refresh	http://localhost:3000
20230621	16:41:41	f87517ff-ee85-418f-84db-c52e1695c812	GET	/auth/refresh	http://localhost:3000
20230621	16:41:46	264b2547-d1ab-4a4d-9e11-43f939cbfe70	GET	/auth/refresh	http://localhost:3000
20230621	16:41:46	5e359870-43f2-4fbd-94be-da1df5f4f102	GET	/auth/refresh	http://localhost:3000
20230621	16:41:55	65f57df4-a59c-4112-9710-9a518acbc943	GET	/auth/refresh	http://localhost:3000
20230621	16:41:55	015f2376-bd4f-4592-ad21-ed3ba68a5885	GET	/auth/refresh	http://localhost:3000
20230621	16:42:27	2dd7ef20-e1df-496c-888b-7b44bd6b9920	OPTIONS	/auth	http://localhost:3000
20230621	16:42:27	32cde77a-7ab9-40bc-9b43-7719f1932bab	POST	/auth	http://localhost:3000
20230621	16:42:27	9913719c-c613-421f-a7ee-8a64f748ce51	OPTIONS	/products	http://localhost:3000
20230621	16:42:27	97088317-0cbb-4741-8494-a59aeae5803e	OPTIONS	/users	http://localhost:3000
20230621	16:42:27	2004e75d-0707-4aba-b9d3-5a3284c1c77a	GET	/products	http://localhost:3000
20230621	16:42:27	11aee111-caaa-4d18-867f-212e87b77dc3	GET	/users	http://localhost:3000
20230621	16:43:47	7abd8600-6fc6-4754-86a4-ab33834fa70b	OPTIONS	/auth/logout	http://localhost:3000
20230621	16:43:47	2a16dc2f-a017-4a3f-bd58-8714bae9d8e1	POST	/auth/logout	http://localhost:3000
20230621	17:15:46	ffad7074-9418-4082-8fae-bccaa34614a6	OPTIONS	/auth	http://localhost:3000
20230621	17:15:46	d4204568-f594-427d-a1e6-c7981453fdc4	POST	/auth	http://localhost:3000
20230621	17:16:06	c2f878a9-0b48-4075-b042-54cbd2e13920	OPTIONS	/auth	http://localhost:3000
20230621	17:16:06	dd79d94e-2c6f-4419-a382-3b21a4a2aaec	POST	/auth	http://localhost:3000
20230621	17:16:07	01d66e79-4d88-42b7-8853-7592281243a1	OPTIONS	/products	http://localhost:3000
20230621	17:16:07	2962b514-86d3-4ca6-b3eb-bb853c504f54	OPTIONS	/users	http://localhost:3000
20230621	17:16:07	1f1525b3-e608-43ee-b878-c19e7d22dc90	GET	/products	http://localhost:3000
20230621	17:16:07	aa13bcb2-1507-4e23-aed2-d572d6e4a2f8	GET	/users	http://localhost:3000
20230621	17:16:31	002af42b-8b38-4788-a519-d67579068236	OPTIONS	/products	http://localhost:3000
20230621	17:16:31	17803e88-5773-4d64-a0d7-fe16f3013507	GET	/products	http://localhost:3000
20230621	17:16:31	61a51243-e20f-4691-839c-63033c61e683	OPTIONS	/auth/refresh	http://localhost:3000
20230621	17:16:31	8d2e5ff4-3561-4858-8ffa-0dbfc978488c	GET	/auth/refresh	http://localhost:3000
20230621	17:16:31	8da719dd-06a9-479d-a918-3dce746802da	GET	/products	http://localhost:3000
20230621	17:19:30	f6e81413-9de6-4085-aa01-08c5ed87b6dd	OPTIONS	/auth/logout	http://localhost:3000
20230621	17:19:30	bee8ea9d-d79d-4df9-a2f7-28c95f4b6a2a	POST	/auth/logout	http://localhost:3000
20230621	17:22:57	32dbebdd-1ffd-4676-9c80-7bc3c9301389	OPTIONS	/auth	http://localhost:3000
20230621	17:22:57	7ac646c1-edbc-47cc-8eaf-24b26932b202	POST	/auth	http://localhost:3000
20230621	17:22:57	fbc5f290-2af5-42ef-ac77-d185eef21537	OPTIONS	/products	http://localhost:3000
20230621	17:22:57	1ec5d35c-90ef-433b-a583-f11ea938f2af	OPTIONS	/users	http://localhost:3000
20230621	17:22:57	10b101c5-34cf-4422-a1d5-d8485ae4e228	GET	/products	http://localhost:3000
20230621	17:22:57	a94e8666-c656-4fba-83c1-9b32a0496e07	GET	/users	http://localhost:3000
20230621	17:38:29	b5fe4ac4-8cd8-4255-877f-6b36cf039b6f	GET	/auth/refresh	http://localhost:3000
20230621	17:38:29	1fa54429-1059-42b1-9a2e-51240a0f2808	GET	/auth/refresh	http://localhost:3000
20230621	17:38:35	995eaf16-5996-4623-9eef-4d5caedd2faa	OPTIONS	/auth	http://localhost:3000
20230621	17:38:35	cfe2ae26-0c82-4535-9993-9c70cfec86fe	POST	/auth	http://localhost:3000
20230621	17:38:35	6f00f2c9-8f15-4152-8e76-524609d8fe37	OPTIONS	/products	http://localhost:3000
20230621	17:38:35	d71926db-4dca-4412-8cde-d45692d3f09e	OPTIONS	/users	http://localhost:3000
20230621	17:38:35	e050de5e-0b20-4c32-bad4-4ad8e21f0713	GET	/products	http://localhost:3000
20230621	17:38:35	36636bd2-68ea-4627-af7e-926dda6fd9a2	GET	/users	http://localhost:3000
20230621	17:39:34	27fb1f2a-f741-4571-af7a-d8d0c90cac3a	OPTIONS	/products	http://localhost:3000
20230621	17:39:34	18f6a427-ba5b-41db-bc4c-e758967721e3	OPTIONS	/users	http://localhost:3000
20230621	17:39:34	3018a3f3-b596-4564-9c9d-7039e63735cb	GET	/products	http://localhost:3000
20230621	17:39:34	a6549797-7f2d-428e-a2f8-4bb474e7fd66	GET	/users	http://localhost:3000
20230621	17:39:34	134123ea-713e-4192-a36f-1593f517aa2b	OPTIONS	/auth/refresh	http://localhost:3000
20230621	17:39:34	fc142989-54cb-4f34-b0e9-76d5ad8353c6	OPTIONS	/auth/refresh	http://localhost:3000
20230621	17:39:34	627edb06-902a-44ee-8065-bdbdb1f65dab	GET	/auth/refresh	http://localhost:3000
20230621	17:39:34	6df867f7-8b47-47da-a342-cfeba5765c92	GET	/auth/refresh	http://localhost:3000
20230621	17:39:48	662e2d29-6622-4e2b-a941-33ba39ab5b08	OPTIONS	/auth/logout	http://localhost:3000
20230621	17:39:48	b0ec5b5e-5b85-4cc5-b306-f55b5251e6cc	POST	/auth/logout	http://localhost:3000
20230621	17:39:57	c670ba74-b221-4a01-825f-02d5927d2441	GET	/auth/refresh	http://localhost:3000
20230621	17:40:06	9932a70a-e018-4a1c-9788-d977edcdf992	OPTIONS	/auth	http://localhost:3000
20230621	17:40:06	57b59e0f-f008-462f-a1ce-08f913a169bf	POST	/auth	http://localhost:3000
20230621	17:40:06	67b2c958-2671-49c9-87e0-48f5da505e57	OPTIONS	/products	http://localhost:3000
20230621	17:40:06	7a2f739d-ec12-4a16-ae09-d8e48855f389	OPTIONS	/users	http://localhost:3000
20230621	17:40:06	01bdcd53-c185-4854-8a69-543927c6727d	GET	/products	http://localhost:3000
20230621	17:40:06	38077686-b4b9-4dc7-90eb-3aeea6ef82b2	GET	/users	http://localhost:3000
20230621	17:41:09	98d298fb-81c9-429d-a386-d815c8f09bf1	OPTIONS	/products	http://localhost:3000
20230621	17:41:09	411af02e-7d52-4bae-b99b-a0640a4c4fcd	GET	/products	http://localhost:3000
20230621	17:41:09	025db4f7-9cb1-4a00-ab44-690a451a3ca2	OPTIONS	/auth/refresh	http://localhost:3000
20230621	17:41:09	490642ce-3bd8-4753-9a83-20db6751e94d	GET	/auth/refresh	http://localhost:3000
20230621	17:41:20	2a391c9e-0749-4e5f-ab19-47b0b25b72bb	GET	/auth/refresh	http://localhost:3000
20230621	17:41:21	87ce33a1-e8b4-4346-9e53-b948e9989518	GET	/auth/refresh	http://localhost:3000
20230621	17:41:28	600a8026-fab5-4a15-aa48-6217a599e484	OPTIONS	/auth	http://localhost:3000
20230621	17:41:28	136baeb1-8f63-49e0-b389-839b4871241f	POST	/auth	http://localhost:3000
20230621	17:41:28	dec9cce2-4bb3-44c3-ab1e-c12b0c4276b9	OPTIONS	/products	http://localhost:3000
20230621	17:41:28	f34c1940-bdb9-4175-8220-41d7d4a4212b	OPTIONS	/users	http://localhost:3000
20230621	17:41:28	2b34da59-5d09-48e2-86d0-80e5e9685456	GET	/products	http://localhost:3000
20230621	17:41:28	edb1b0c5-2961-4ab4-bd85-d7f7a1a097fe	GET	/users	http://localhost:3000
20230621	17:41:48	063171e7-3574-40f5-8cad-40e753a1f89c	OPTIONS	/products	http://localhost:3000
20230621	17:41:48	c1e7d2da-8d02-4547-b70b-59b9fb552d16	OPTIONS	/users	http://localhost:3000
20230621	17:41:48	723d6c82-ff04-43be-83c6-718439dabde3	GET	/products	http://localhost:3000
20230621	17:41:48	7ae596e2-da52-4b53-83ea-d8ae4989b35b	GET	/users	http://localhost:3000
20230621	17:41:48	d852dfd9-fe93-4c95-8925-00de30706137	OPTIONS	/auth/refresh	http://localhost:3000
20230621	17:41:48	c8fc27d9-a551-4c15-95bf-886a7d47452c	OPTIONS	/auth/refresh	http://localhost:3000
20230621	17:41:48	5a89e4c1-26e6-4654-8d28-b1e9707875c7	GET	/auth/refresh	http://localhost:3000
20230621	17:41:48	52c98fd6-4983-40c5-9eda-5babf13872d9	GET	/auth/refresh	http://localhost:3000
20230621	17:41:48	3ded2702-a1ae-4401-9e4c-2c519e5226af	GET	/products	http://localhost:3000
20230621	17:41:48	c7269b54-dac9-4c53-a2c0-5b3363c6fec8	GET	/users	http://localhost:3000
20230621	17:42:12	ee1a16af-51c6-4923-8d67-c1db29134e32	GET	/auth/refresh	http://localhost:3000
20230621	17:42:13	5788f83c-620b-400b-bd29-45f18c876158	GET	/auth/refresh	http://localhost:3000
20230621	17:42:22	7054b27c-47a8-4f19-9518-1b061677acc3	GET	/auth/refresh	http://localhost:3000
20230621	17:42:22	83636f6c-27bc-42d6-be7c-97bb5442091a	GET	/auth/refresh	http://localhost:3000
20230621	17:42:32	52294222-1791-42be-806b-137aa95f4809	GET	/auth/refresh	http://localhost:3000
20230621	17:42:32	25c2488b-cad7-4552-b224-e209d864646b	GET	/auth/refresh	http://localhost:3000
20230621	17:42:52	3fe28ba0-f297-45cc-99e8-b351f31a494b	OPTIONS	/auth	http://localhost:3000
20230621	17:42:52	e25122fe-6c59-4bb7-8244-0e1ef0692580	POST	/auth	http://localhost:3000
20230621	17:42:52	7357e383-f6ff-4c99-82e4-708b934675d7	OPTIONS	/products	http://localhost:3000
20230621	17:42:52	a73844bc-9ae0-404f-a88e-76febcdefffd	OPTIONS	/users	http://localhost:3000
20230621	17:42:52	8f977275-fa13-40a6-8f58-4a18bf5679af	GET	/products	http://localhost:3000
20230621	17:42:52	3629dbc1-9f13-43ac-867a-97e9119f0844	GET	/users	http://localhost:3000
20230621	17:42:58	8ab03a1c-cc51-48ae-a91f-b93592a8f5bc	OPTIONS	/products	http://localhost:3000
20230621	17:42:58	5d99079a-8749-4c7d-b308-261fb3698492	OPTIONS	/users	http://localhost:3000
20230621	17:42:58	ba205feb-4b61-43f2-b79f-3d215c1b5083	GET	/products	http://localhost:3000
20230621	17:42:58	e0acbc74-3fb1-44e2-8a44-3abd1711c461	GET	/users	http://localhost:3000
20230621	17:44:20	d83acefa-d65d-4460-a284-fe9559adb3d2	GET	/auth/refresh	http://localhost:3000
20230621	17:44:21	d566ac56-1e1a-45a0-98ec-364e8b5758f5	GET	/auth/refresh	http://localhost:3000
20230621	17:48:49	18016273-1858-42b4-a915-c4ac77132c85	OPTIONS	/auth	http://localhost:3000
20230621	17:48:49	3bac35af-8f72-4201-bd20-fdafd13690a2	POST	/auth	http://localhost:3000
20230621	17:48:49	137b5a40-cf06-43c2-b05f-a4319514c623	OPTIONS	/products	http://localhost:3000
20230621	17:48:49	e74b7768-3602-4cae-9188-924772606577	OPTIONS	/users	http://localhost:3000
20230621	17:48:49	37bcf97d-f3e4-49e3-8cd6-77e0e83fdb50	GET	/products	http://localhost:3000
20230621	17:48:49	344e795f-1ae4-44fe-810d-99d10c3515b8	GET	/users	http://localhost:3000
20230621	17:49:31	b8169088-3eda-4b5e-9d9f-6cd34a622ddc	OPTIONS	/products	http://localhost:3000
20230621	17:49:31	4ced793a-bc61-4801-b96f-6e1ce37b2812	OPTIONS	/users	http://localhost:3000
20230621	17:49:31	8c5c7f3a-b789-45fb-b074-b4d690a65b08	GET	/products	http://localhost:3000
20230621	17:49:31	211adab0-086f-4984-a52f-3949965fff43	GET	/users	http://localhost:3000
20230621	17:49:32	3277824d-66e2-4deb-ba6a-9e9b511c5c64	OPTIONS	/auth/refresh	http://localhost:3000
20230621	17:49:32	3aab7c6d-f374-4ac7-81fa-f0568213a923	OPTIONS	/auth/refresh	http://localhost:3000
20230621	17:49:32	f11ac910-fffa-446a-a584-3639c9b8a8e0	GET	/auth/refresh	http://localhost:3000
20230621	17:49:32	103e722a-0efb-46a9-99db-dc3638dbd23e	GET	/auth/refresh	http://localhost:3000
20230621	17:51:31	e90eaf9a-e916-4250-89cb-c0ef20a8e048	GET	/auth/refresh	http://localhost:3000
20230621	17:51:31	0f133fc0-7bc2-47e4-871a-bb6bdc155586	GET	/auth/refresh	http://localhost:3000
20230621	17:51:37	918d8798-7f7d-42fd-933d-735467b5892c	OPTIONS	/auth	http://localhost:3000
20230621	17:51:37	095ff344-8cde-4e03-b697-10240bdc56e3	POST	/auth	http://localhost:3000
20230621	17:51:38	187c9d49-7d2d-4d4c-b38e-3b24c3fbab8c	OPTIONS	/products	http://localhost:3000
20230621	17:51:38	30a6311c-a85d-47be-8fc2-e5d1c0e6cfe3	OPTIONS	/users	http://localhost:3000
20230621	17:51:38	03d9eea2-3c3b-4633-85eb-5d89bddef4e7	GET	/products	http://localhost:3000
20230621	17:51:38	ded794af-698f-4745-a0a0-4624b34cbb04	GET	/users	http://localhost:3000
20230621	17:51:40	4fb8e5bb-74fc-4b88-9f06-0742da950fb9	OPTIONS	/auth/logout	http://localhost:3000
20230621	17:51:40	40b0fbc2-a93a-4867-a4dd-5015ca41659f	POST	/auth/logout	http://localhost:3000
20230621	17:55:25	f21330c3-9833-4914-97c9-075cbfb3ea0e	GET	/auth/refresh	http://localhost:3000
20230621	17:55:37	1060fa9c-072d-4ef2-8885-23bd2ce0e3fb	OPTIONS	/auth	http://localhost:3000
20230621	17:55:37	4182e8f9-25c1-4773-b06f-a0f7bb967951	POST	/auth	http://localhost:3000
20230621	17:55:37	c8c85cfa-9ab0-41a2-b1b5-fd5f2a24254d	OPTIONS	/products	http://localhost:3000
20230621	17:55:37	03f3f7dc-e961-493d-a46b-5198a2cc7716	OPTIONS	/users	http://localhost:3000
20230621	17:55:37	f44b2e00-2673-47df-b10a-7d03ba25ffbe	GET	/products	http://localhost:3000
20230621	17:55:37	b6fff9e1-8ccf-40a5-860a-f3e2a2406a9d	GET	/users	http://localhost:3000
20230621	17:55:41	b57729cf-b0bc-4d12-a570-d94147f64a3d	OPTIONS	/auth/logout	http://localhost:3000
20230621	17:55:41	2bab76f7-6b07-4a0a-856a-4a59d06e4367	POST	/auth/logout	http://localhost:3000
20230621	17:58:27	3977e800-8623-4b51-9431-81d6b3009337	OPTIONS	/auth	http://localhost:3000
20230621	17:58:27	f796bb2a-7c4c-4fae-b540-2de9c3112e4b	POST	/auth	http://localhost:3000
20230621	17:58:27	374f2f90-5069-4dc5-bd50-78f3fdc176f3	OPTIONS	/products	http://localhost:3000
20230621	17:58:27	69193684-ed1b-4323-a81b-c7b7d191cb23	OPTIONS	/users	http://localhost:3000
20230621	17:58:27	a5f3a4e2-d5b4-4b39-a213-8abfa2a66fcb	GET	/products	http://localhost:3000
20230621	17:58:27	11d9036a-8308-4960-9867-73d13ed39b7d	GET	/users	http://localhost:3000
20230621	17:58:39	b3ad80ba-f0af-4952-9558-fc0641b86dbb	OPTIONS	/products	http://localhost:3000
20230621	17:58:39	6d85fbe8-fe9d-47ba-b562-c398ebc9d4c3	OPTIONS	/users	http://localhost:3000
20230621	17:58:39	af4bb146-cf03-45df-9734-5bb66dbe0673	GET	/products	http://localhost:3000
20230621	17:58:39	d1b12328-9351-4226-846b-4bbcd8ac678a	GET	/users	http://localhost:3000
20230621	18:20:30	bffa97de-fd8a-4537-89b1-6d92515dfff1	OPTIONS	/auth	http://localhost:3000
20230621	18:20:30	8564e146-c9dc-4f5f-8877-06a1cbe06f6a	POST	/auth	http://localhost:3000
20230621	18:20:30	e63a04aa-602d-4707-9fd1-7dba077b71bf	OPTIONS	/products	http://localhost:3000
20230621	18:20:30	aec36f3f-3a49-4ae5-a783-0fabbac72da3	OPTIONS	/users	http://localhost:3000
20230621	18:20:30	3475b25a-6c79-4ba0-ba2c-a47161e27b48	GET	/products	http://localhost:3000
20230621	18:20:30	e8e8d2e3-8328-4ce3-a508-788e0175e113	GET	/users	http://localhost:3000
20230621	18:21:54	c44a4ca1-a625-4c66-96f8-d69857f847ba	OPTIONS	/products	http://localhost:3000
20230621	18:21:54	8e9dc286-ee03-4440-a558-09fea1b14db0	OPTIONS	/users	http://localhost:3000
20230621	18:21:54	75e00e41-3d08-459e-95f0-0bc34639025b	GET	/products	http://localhost:3000
20230621	18:21:54	c7110007-2bd1-48c4-8aa5-ef0569156375	GET	/users	http://localhost:3000
20230621	18:21:54	1fe99273-b6f6-4c14-ad62-faadcfe73ca4	OPTIONS	/auth/refresh	http://localhost:3000
20230621	18:21:54	8bef0eaf-c1d5-424b-a973-c77449c27cd1	GET	/auth/refresh	http://localhost:3000
20230621	18:21:54	95c3ebc2-76e1-45a5-8cc1-3e0793064729	GET	/auth/refresh	http://localhost:3000
20230621	18:22:00	a963ac88-c406-40bc-8a0d-27c77a406438	GET	/auth/refresh	http://localhost:3000
20230621	18:22:00	9db9ce13-8af2-4ff2-a075-cd923162320e	GET	/auth/refresh	http://localhost:3000
20230621	18:22:17	c3ace061-55ed-46d0-a19e-226a92d17d15	OPTIONS	/auth	http://localhost:3000
20230621	18:22:17	9ff29218-adef-4c65-ab48-2bc1dfe76663	POST	/auth	http://localhost:3000
20230621	18:22:17	bb030635-4e77-4c83-acb1-50c90541295f	OPTIONS	/products	http://localhost:3000
20230621	18:22:17	8aa2445c-e2a1-4613-ab92-cf117a39cb17	OPTIONS	/users	http://localhost:3000
20230621	18:22:17	6f82426d-7cb3-4ad0-8210-8c424c96dae7	GET	/products	http://localhost:3000
20230621	18:22:17	ec5974f7-b18b-4b31-8f94-403d13d3bdf1	GET	/users	http://localhost:3000
20230621	18:37:31	75655aa4-be0e-44f6-a17a-e6c10510014a	GET	/auth/refresh	http://localhost:3000
20230621	18:37:31	346f5b47-a81e-488e-b239-c15f5911e723	GET	/auth/refresh	http://localhost:3000
20230621	18:38:28	39fd37df-f9e9-482d-a441-5ccdc0348f87	GET	/auth/refresh	http://localhost:3000
20230621	18:38:28	c9f70272-e570-4f3c-abb2-1ae08008a8cc	GET	/auth/refresh	http://localhost:3000
20230621	18:39:43	0722f6ac-b147-49c3-9cba-840068f82a2c	OPTIONS	/auth	http://localhost:3000
20230621	18:39:43	99cf5a1c-2c79-4eca-a1b8-fa961e30d26e	POST	/auth	http://localhost:3000
20230621	18:39:43	b743a120-db9b-48ba-a752-521b2be0b1f7	OPTIONS	/products	http://localhost:3000
20230621	18:39:43	f06c21fd-a07a-44ff-8d64-703e25bd8638	OPTIONS	/users	http://localhost:3000
20230621	18:39:43	ac14af01-8740-48ea-a5b4-6794ef98bb29	GET	/products	http://localhost:3000
20230621	18:39:43	f0a507ef-8687-4609-b99a-34ab019f4419	GET	/users	http://localhost:3000
20230621	18:44:41	6e34c523-dc5c-435c-81c9-f504d9f88139	GET	/auth/refresh	http://localhost:3000
20230621	18:44:41	b4dd04ca-6128-4848-af17-c08911729793	GET	/auth/refresh	http://localhost:3000
20230621	18:44:47	39e9a891-c42d-4759-baa3-6154a8a71a98	OPTIONS	/auth	http://localhost:3000
20230621	18:44:47	00eace1f-c4a1-4263-86fa-6b82d2b60f93	POST	/auth	http://localhost:3000
20230621	18:44:47	db8a486e-737f-4a96-bb87-e82cacdf0e3d	OPTIONS	/products	http://localhost:3000
20230621	18:44:47	282d9536-308a-4e78-b244-7cebbe585762	OPTIONS	/users	http://localhost:3000
20230621	18:44:47	8f07a107-90b1-438d-95f1-b86bf39581be	GET	/products	http://localhost:3000
20230621	18:44:47	b6daf9f9-5689-497d-81ba-496599ea071f	GET	/users	http://localhost:3000
20230621	19:08:40	3f06c7a4-de18-483f-a4dd-e084aeed3ee9	OPTIONS	/products	http://localhost:3000
20230621	19:08:40	c0fa473b-2514-4355-bc02-39633e9b58f8	OPTIONS	/users	http://localhost:3000
20230621	19:08:40	b36a06b1-e109-4d3f-85a7-50a8d7629ee7	GET	/products	http://localhost:3000
20230621	19:08:40	f6d6db15-3749-4851-ad3d-ff867ff87e4a	GET	/users	http://localhost:3000
20230621	19:08:40	3fa09329-8361-43b2-9013-cfce89cff600	OPTIONS	/auth/refresh	http://localhost:3000
20230621	19:08:40	d532cb82-3927-4765-959d-554676d7ee39	GET	/auth/refresh	http://localhost:3000
20230621	19:08:40	0b154352-f320-498e-aab9-3bfb8bbe4324	GET	/auth/refresh	http://localhost:3000
20230621	19:17:27	05a83b5f-29f9-43fc-ab61-45a38993c38b	OPTIONS	/products	http://localhost:3000
20230621	19:17:27	ab2208a1-2bbc-4b99-8847-d0b692bc5391	OPTIONS	/users	http://localhost:3000
20230621	19:17:27	2f43d643-535f-471b-a8fc-fda6cf8a2794	GET	/products	http://localhost:3000
20230621	19:17:27	9d89ab1c-b878-4e35-9173-cebe51ae68ea	GET	/users	http://localhost:3000
20230621	19:17:27	c4591ffe-b0ca-4843-8740-14750cc56890	OPTIONS	/auth/refresh	http://localhost:3000
20230621	19:17:27	55b17f54-bd1a-4abd-9567-96072b34d087	OPTIONS	/auth/refresh	http://localhost:3000
20230621	19:17:27	f9657f7f-453f-42c2-a986-fabc17a334a0	GET	/auth/refresh	http://localhost:3000
20230621	19:17:27	a653a367-124d-4261-a03c-b24e7bc32e17	GET	/auth/refresh	http://localhost:3000
20230621	19:17:33	df8199e4-b928-4c34-85de-01964587f187	GET	/auth/refresh	http://localhost:3000
20230621	19:17:33	03edd9ef-5f95-4faa-9143-8fa896584e57	GET	/auth/refresh	http://localhost:3000
20230621	19:17:38	9c3cd210-3900-41cb-a68f-13bcb8675317	OPTIONS	/auth	http://localhost:3000
20230621	19:17:38	5c1a1b1c-5b09-46d9-8683-9e60b85102e5	POST	/auth	http://localhost:3000
20230621	19:17:38	5f47aaf0-bb17-4247-bab8-db68958530b4	OPTIONS	/products	http://localhost:3000
20230621	19:17:38	b0dbb446-359a-4bdf-b19c-e7cd3e95cffa	OPTIONS	/users	http://localhost:3000
20230621	19:17:38	5e711550-a9b1-43f9-ab1a-932d65c9fcc6	GET	/products	http://localhost:3000
20230621	19:17:38	409cc6f1-b56a-4944-bda7-9353785e024a	GET	/users	http://localhost:3000
20230621	19:18:19	d9987117-c83e-4c5a-a418-8d408de86513	GET	/auth/refresh	http://localhost:3000
20230621	19:18:19	b5467146-c810-4bb5-bec6-25c0ece01391	GET	/auth/refresh	http://localhost:3000
20230621	19:18:25	a5cd5eff-f009-4947-a6ee-a190339ba2c2	OPTIONS	/auth	http://localhost:3000
20230621	19:18:25	fbbee901-d9a3-40c4-959f-84b749c16c87	POST	/auth	http://localhost:3000
20230621	19:18:25	06f4c8c4-0963-4227-b77f-f8e44f2c9feb	OPTIONS	/products	http://localhost:3000
20230621	19:18:25	e76409b1-1546-4af3-b5a2-7d3e1f4e9d75	OPTIONS	/users	http://localhost:3000
20230621	19:18:25	354c9a06-7984-4a55-88db-c0dce91464bd	GET	/products	http://localhost:3000
20230621	19:18:25	eaa456e1-c30c-4709-8c44-14645298a5cc	GET	/users	http://localhost:3000
20230621	19:19:28	4846019e-72ba-4d61-a46d-f009bcde8d60	OPTIONS	/products	http://localhost:3000
20230621	19:19:28	f4488b32-5762-41be-8b14-593255f0814d	OPTIONS	/users	http://localhost:3000
20230621	19:19:28	fc87cfec-95b8-493b-aae6-39fc9de24824	GET	/products	http://localhost:3000
20230621	19:19:28	3367d08d-0b79-4910-b299-d524c66fb463	GET	/users	http://localhost:3000
20230621	19:19:28	9ce50f10-152d-4480-9c41-6138348557c5	OPTIONS	/auth/refresh	http://localhost:3000
20230621	19:19:28	9cd60049-e010-4146-a618-ba0edf1be885	GET	/auth/refresh	http://localhost:3000
20230621	19:19:28	c3282637-1d4f-4871-adf4-17a68e0f11eb	GET	/auth/refresh	http://localhost:3000
20230621	19:21:35	d512b201-0e23-4031-8181-c7b2873f89c6	OPTIONS	/products	http://localhost:3000
20230621	19:21:35	e76d3697-0769-4b50-8025-2d0c2d0e0cbf	OPTIONS	/users	http://localhost:3000
20230621	19:21:35	3cebaf05-79ad-433d-ae21-502837871668	GET	/products	http://localhost:3000
20230621	19:21:35	60010bf7-35b7-4157-9537-7605acb39e02	GET	/users	http://localhost:3000
20230621	19:21:35	85b92d46-a24b-4b64-a15b-e65c0b2f2f8e	OPTIONS	/auth/refresh	http://localhost:3000
20230621	19:21:35	75ca1cd4-1410-4313-8628-344e0477c56d	GET	/auth/refresh	http://localhost:3000
20230621	19:21:35	6526abd1-0587-4c2e-b07b-6abf9e559190	GET	/auth/refresh	http://localhost:3000
20230621	19:21:39	5bec8394-ba9d-481e-b299-c04071401cef	GET	/auth/refresh	http://localhost:3000
20230621	19:21:40	beb5c8dd-a7af-4023-9528-e7cfbe817940	GET	/auth/refresh	http://localhost:3000
20230621	19:21:45	c95c6297-bbee-4b2a-8bd5-3a525afca950	OPTIONS	/auth	http://localhost:3000
20230621	19:21:45	e034221a-a42d-4027-8a77-84c725637729	POST	/auth	http://localhost:3000
20230621	19:21:45	83dd6e77-07a4-4e6d-be7a-61abd14d1eef	OPTIONS	/products	http://localhost:3000
20230621	19:21:45	fc6d4ddd-58f6-47e4-9025-60aee7bdae5d	OPTIONS	/users	http://localhost:3000
20230621	19:21:45	08b107e0-3e72-477f-90e1-81f070115624	GET	/products	http://localhost:3000
20230621	19:21:45	98baed90-a662-4a4d-9126-53321de22e22	GET	/users	http://localhost:3000
20230621	19:22:29	2b14dbe0-e43d-4e0c-8a8d-f776a3d11854	GET	/auth/refresh	http://localhost:3000
20230621	19:22:29	dd3b805a-a721-45aa-bc50-b9bcdc025593	GET	/auth/refresh	http://localhost:3000
20230621	19:22:33	7981befe-f86b-470d-be30-66cc5a8dd9d2	OPTIONS	/auth	http://localhost:3000
20230621	19:22:33	291582e2-ecfc-4da4-b2da-776271893632	POST	/auth	http://localhost:3000
20230621	19:22:33	287c8baa-7854-4c0c-9cca-95056db79522	OPTIONS	/products	http://localhost:3000
20230621	19:22:33	98226e1f-f059-49fa-b776-789c0f0c5801	OPTIONS	/users	http://localhost:3000
20230621	19:22:33	2214580b-c956-4840-8d1b-a03b4e5eb085	GET	/products	http://localhost:3000
20230621	19:22:33	730b3d16-19c5-4f3f-8199-2cd1bc259775	GET	/users	http://localhost:3000
20230621	19:27:33	f19ea741-fdd8-4320-b998-87f9350fc346	OPTIONS	/users	http://localhost:3000
20230621	19:27:33	a49424f5-f82c-4cbb-b71d-29799aaca37b	GET	/users	http://localhost:3000
20230621	19:27:33	9a393e1c-706f-4476-983c-a28708847eb7	OPTIONS	/auth/refresh	http://localhost:3000
20230621	19:27:33	85844154-24d7-43e1-b33e-f33d8beec8b5	GET	/auth/refresh	http://localhost:3000
20230621	19:27:34	8ebe561f-6b66-4e5f-aca3-2a23bb3dc6b7	GET	/users	http://localhost:3000
20230621	19:27:34	16bb7192-6e47-41a6-86f3-61d12322f7ba	GET	/auth/refresh	http://localhost:3000
20230621	19:27:43	0021f84b-c9f2-463d-abfa-dd2bfa1a9284	GET	/auth/refresh	http://localhost:3000
20230621	19:27:43	e43db0e1-eeb7-4b2d-8c58-927c983b5b29	GET	/auth/refresh	http://localhost:3000
20230621	19:27:48	4f0a9e07-9651-4f34-8b08-7c7abdc33cfa	OPTIONS	/auth	http://localhost:3000
20230621	19:27:48	a3c9350a-2964-4de8-8f63-cc1f4978bab1	POST	/auth	http://localhost:3000
20230621	19:27:49	c96942b4-3626-48d5-818c-f51f274c5cfc	OPTIONS	/products	http://localhost:3000
20230621	19:27:49	82b22d94-39b1-4ddf-8195-37d7146f30d3	OPTIONS	/users	http://localhost:3000
20230621	19:27:49	162bc501-9e30-40fa-96de-d6ad8409f921	GET	/products	http://localhost:3000
20230621	19:27:49	d6f75d92-a99c-49d4-b09a-fbb0957ed173	GET	/users	http://localhost:3000
20230621	19:27:53	b4424e57-26f1-441a-95d2-64883db3fe73	GET	/users	http://localhost:3000
20230621	19:28:09	4a2b7bbc-89e0-41bd-8465-4703ca2c38b0	OPTIONS	/users	http://localhost:3000
20230621	19:28:09	62829df6-d7ed-468d-9ae9-2ea114cdf64f	OPTIONS	/products	http://localhost:3000
20230621	19:28:09	dacedff3-f55e-428c-b576-3ebba93e67f3	GET	/users	http://localhost:3000
20230621	19:28:09	d192e6d7-1ca1-406b-96f8-74d5dd6c4497	GET	/products	http://localhost:3000
20230621	19:28:09	ec91d871-51b1-416a-bfd4-b8217954478b	OPTIONS	/auth/refresh	http://localhost:3000
20230621	19:28:09	7bc463b3-e783-452c-ac97-5acfa138b44c	GET	/auth/refresh	http://localhost:3000
20230621	19:28:09	14053ba0-8efe-4173-874c-f8316fd4e2f4	GET	/auth/refresh	http://localhost:3000
20230621	19:28:09	e4c122fe-f247-4a3c-a3d0-ea911b0a9764	GET	/users	http://localhost:3000
20230621	19:28:09	d58635c8-4132-4d44-92e9-623bf1bd10b6	GET	/products	http://localhost:3000
20230621	19:29:09	b19c2244-12ab-4341-8db6-ae1d4954fc36	OPTIONS	/users	http://localhost:3000
20230621	19:29:09	2aa33d24-abb3-4a55-ae23-71865f9685ff	GET	/users	http://localhost:3000
20230621	19:29:09	2bb9480f-a758-44a9-9904-a39fc7468a58	OPTIONS	/auth/refresh	http://localhost:3000
20230621	19:29:09	7c7d1945-3407-45ee-ba7d-cc972530d529	GET	/auth/refresh	http://localhost:3000
20230621	19:29:15	bd1c2507-a6ab-46a7-a8cc-fdcacb148b1a	OPTIONS	/users	http://localhost:3000
20230621	19:29:15	11af583f-0ab5-4e82-94e2-caf68effa085	GET	/users	http://localhost:3000
20230621	19:29:15	cbc8564f-c564-4d25-8e0b-14052186f340	OPTIONS	/auth/refresh	http://localhost:3000
20230621	19:29:15	aa40eeca-0cb2-4828-bc28-5fe4e4ef952b	GET	/auth/refresh	http://localhost:3000
20230621	19:30:16	290a55e1-ee7a-4f0b-b804-94bc275658ea	OPTIONS	/users	http://localhost:3000
20230621	19:30:16	58184278-0eda-4756-ab3d-91ac4fceeb70	GET	/users	http://localhost:3000
20230621	19:30:16	d68a576c-c80e-4dc3-b517-2c4d25fa1f92	OPTIONS	/auth/refresh	http://localhost:3000
20230621	19:30:16	a206a014-a491-4909-bdd1-7080f6d35e60	GET	/auth/refresh	http://localhost:3000
20230621	19:30:29	71b1bb11-85bf-4655-8677-0c9be39b8901	OPTIONS	/users	http://localhost:3000
20230621	19:30:29	d7d9a42d-bb3b-4e37-80d3-c5c4fc53feca	GET	/users	http://localhost:3000
20230621	19:30:29	f6f259b0-465d-4e50-9668-9f5c930243f4	OPTIONS	/auth/refresh	http://localhost:3000
20230621	19:30:29	c87d6ecf-5a98-4e2f-bcf3-f13d1f30343f	GET	/auth/refresh	http://localhost:3000
20230621	19:30:55	02c6c092-41e9-4400-8417-09c75ec05da9	GET	/auth/refresh	http://localhost:3000
20230621	19:30:55	a8e98661-a8a0-4b09-82c6-d76e529760a7	GET	/auth/refresh	http://localhost:3000
20230621	19:32:11	e1d85b71-f998-4d4b-bd84-bf7a8e5e99f6	OPTIONS	/auth	http://localhost:3000
20230621	19:32:11	cc38f9d4-febe-4797-9947-dcc7eb601599	POST	/auth	http://localhost:3000
20230621	19:32:11	3684a998-b140-41ca-8dff-317a26d080e2	OPTIONS	/products	http://localhost:3000
20230621	19:32:11	a70b68f2-5b46-4b01-9d56-8108f87933da	OPTIONS	/users	http://localhost:3000
20230621	19:32:11	7c6a4c27-8b3c-4557-8eb9-e2449d308940	GET	/products	http://localhost:3000
20230621	19:32:11	ae0c0d2a-7ea1-4a1b-bb64-66214551a2f1	GET	/users	http://localhost:3000
20230621	19:36:41	bfe09d7b-d046-49d8-bf32-4ee6fd8df36e	OPTIONS	/products	http://localhost:3000
20230621	19:36:41	4ee3da81-4433-462d-81d0-e264462d2687	OPTIONS	/users	http://localhost:3000
20230621	19:36:41	59a3c4c8-c1e5-4065-b2d2-6105b578a6dd	GET	/products	http://localhost:3000
20230621	19:36:41	20d83fa0-2ade-4977-98ab-87f67018dc35	GET	/users	http://localhost:3000
20230621	19:36:41	52691e4a-27a6-4c59-9501-2bec021e83f2	OPTIONS	/auth/refresh	http://localhost:3000
20230621	19:36:41	74a6ca46-399c-40ec-a184-18e443fcc9a6	GET	/auth/refresh	http://localhost:3000
20230621	19:36:41	e8352452-d695-4133-9644-bbcdccf757c8	GET	/auth/refresh	http://localhost:3000
20230621	19:37:11	2581478d-b55a-4d4d-861b-86e0cc59a872	OPTIONS	/products	http://localhost:3000
20230621	19:37:11	b205944d-976b-484b-9376-acb3905d4c95	OPTIONS	/users	http://localhost:3000
20230621	19:37:11	67a126a6-36ca-452a-9230-50a36f7ab24e	GET	/products	http://localhost:3000
20230621	19:37:11	d3054de3-87cb-4224-baf2-e6f434e1fc11	GET	/users	http://localhost:3000
20230621	19:37:11	d84230a4-b46f-4763-a8fe-0c1a0a6271de	OPTIONS	/auth/refresh	http://localhost:3000
20230621	19:37:11	4a86fcbc-99a8-4d77-be90-d566ba7cb658	GET	/auth/refresh	http://localhost:3000
20230621	19:37:11	5ce08326-3453-4c33-8a43-79044c19e40e	GET	/auth/refresh	http://localhost:3000
20230621	19:37:14	a597afdd-8975-4ad9-b268-2350d79e2e8d	GET	/auth/refresh	http://localhost:3000
20230621	19:37:14	3ee2a46a-0848-4f3c-8af0-12d5c4985a0d	GET	/auth/refresh	http://localhost:3000
20230621	19:37:21	2ee6f888-d76b-4747-8cfe-9dfbb9045152	OPTIONS	/auth	http://localhost:3000
20230621	19:37:21	acef9085-2831-4ba1-9880-79880df3d8c6	POST	/auth	http://localhost:3000
20230621	19:37:21	9f53c847-0115-441d-949d-0c15cda2439c	OPTIONS	/products	http://localhost:3000
20230621	19:37:21	a32266cd-7eeb-461d-b666-54eb716a5aa3	OPTIONS	/users	http://localhost:3000
20230621	19:37:21	5f51a295-2a9a-4e9d-85ea-d78c226c4234	GET	/products	http://localhost:3000
20230621	19:37:21	ef4edac4-ea45-4871-b446-e9d3908bae57	GET	/users	http://localhost:3000
20230621	19:42:46	276314bd-ff20-4f63-a1bc-4c1003bea749	OPTIONS	/products	http://localhost:3000
20230621	19:42:46	9305a2c5-48b1-4a0a-9a9a-2282fbaf6310	OPTIONS	/users	http://localhost:3000
20230621	19:42:46	c60c3673-16a9-4853-aaa8-aaf5a7c9baf4	GET	/products	http://localhost:3000
20230621	19:42:46	833a5b9c-6c66-4663-940d-5a8ae9ffa8b8	GET	/users	http://localhost:3000
20230621	19:42:46	e459def1-eca8-49ba-abf0-39118f137aab	OPTIONS	/auth/refresh	http://localhost:3000
20230621	19:42:46	e4f2cb2f-9348-4664-bbf9-286c03f35e7c	GET	/auth/refresh	http://localhost:3000
20230621	19:42:46	7b31c2ae-8c3a-4d74-9353-5e5f42fb5983	GET	/auth/refresh	http://localhost:3000
20230621	19:51:02	f541ec79-e277-4639-8182-25fdfd176184	OPTIONS	/products	http://localhost:3000
20230621	19:51:02	b58c5b86-6e05-4735-9ad1-9787f6e362a4	OPTIONS	/users	http://localhost:3000
20230621	19:51:02	4b582722-c0f6-4ff6-af6c-6010162e2685	GET	/products	http://localhost:3000
20230621	19:51:02	cd6c8b14-be28-46b2-bca3-db96a0bbffa9	GET	/users	http://localhost:3000
20230621	19:51:02	769116c2-47fe-4615-9522-1832f680373b	OPTIONS	/auth/refresh	http://localhost:3000
20230621	19:51:02	fb420ecf-6681-4718-96aa-db1c2d7f90d9	GET	/auth/refresh	http://localhost:3000
20230621	19:51:02	0c0839a6-0fb5-49ee-b47c-259f67d4c5d5	GET	/auth/refresh	http://localhost:3000
20230621	19:51:25	6ddf1247-b748-4fdf-864c-d273741a7cc0	OPTIONS	/products	http://localhost:3000
20230621	19:51:25	789b2844-2f6c-444e-b97d-ba5dbf79cfd0	OPTIONS	/users	http://localhost:3000
20230621	19:51:25	06a295cf-a553-4a78-9baa-9be0b60de59a	GET	/products	http://localhost:3000
20230621	19:51:25	41a76b07-9b14-40fb-8189-fad877306074	GET	/users	http://localhost:3000
20230621	19:51:25	9eb33440-4f7b-4612-8f51-0c001ae88848	OPTIONS	/auth/refresh	http://localhost:3000
20230621	19:51:25	cc265e57-d435-4aa0-8730-38f02b665824	GET	/auth/refresh	http://localhost:3000
20230621	19:51:25	a8b183cd-9f9c-48e1-886e-dd2264595d41	GET	/auth/refresh	http://localhost:3000
20230621	19:51:43	ed6c463c-7e01-4c67-b101-7578b809055d	OPTIONS	/products	http://localhost:3000
20230621	19:51:43	7a6e0402-bf29-4d54-a216-9e09724775c8	OPTIONS	/users	http://localhost:3000
20230621	19:51:43	c7473a62-3ccb-4fab-8d4c-3ecc795a3329	GET	/products	http://localhost:3000
20230621	19:51:43	c222ebc3-a247-4609-8323-63eb0fa876fe	GET	/users	http://localhost:3000
20230621	19:51:43	f314e533-8de6-488b-85a5-c84245f78d5d	OPTIONS	/auth/refresh	http://localhost:3000
20230621	19:51:43	c619b2ec-628c-42b6-92de-04b61c4d82e5	GET	/auth/refresh	http://localhost:3000
20230621	19:51:43	5156ff15-15ba-44bd-b430-b44d18b5ef3d	GET	/auth/refresh	http://localhost:3000
20230621	19:52:22	e99bb36b-035a-4774-bd9e-84d61b3896e7	OPTIONS	/products	http://localhost:3000
20230621	19:52:22	9d330d7b-d38c-4da4-bc2a-ae0be94ef372	OPTIONS	/users	http://localhost:3000
20230621	19:52:22	b30a1924-20d5-4910-877c-180b9daebfbe	GET	/products	http://localhost:3000
20230621	19:52:22	32981820-68c0-4443-9a33-e105f1dfd73a	GET	/users	http://localhost:3000
20230621	19:52:22	be84c64b-a716-489b-ad6f-735c023edc44	OPTIONS	/auth/refresh	http://localhost:3000
20230621	19:52:22	d2a76990-eda7-4d37-8f38-e0dc8a6d7d80	GET	/auth/refresh	http://localhost:3000
20230621	19:52:22	e2e22371-4c50-48ae-8b84-91c15df4f9aa	GET	/auth/refresh	http://localhost:3000
20230621	19:54:20	6a059c0d-4c29-4221-8fd2-acadc50b86ef	OPTIONS	/products	http://localhost:3000
20230621	19:54:20	b158b3b8-20a3-4579-8c57-15f97820945c	OPTIONS	/users	http://localhost:3000
20230621	19:54:20	f5049134-24c9-4e56-af0d-24b371026689	GET	/products	http://localhost:3000
20230621	19:54:20	a674c906-71fa-4b82-aa14-28e63c33b078	GET	/users	http://localhost:3000
20230621	19:54:20	b86c09e0-5fbb-4bb8-8cb1-df27fcf84835	OPTIONS	/auth/refresh	http://localhost:3000
20230621	19:54:20	c7e556f8-c58d-440e-a616-6b29c7be752c	GET	/auth/refresh	http://localhost:3000
20230621	19:54:20	6e50bc8c-548c-4ade-85e9-89077512b7d5	GET	/auth/refresh	http://localhost:3000
20230621	20:14:49	5f5e12c5-f7c8-4312-ac07-6b55d50c59a8	OPTIONS	/products	http://localhost:3000
20230621	20:14:49	983625f8-3916-4a85-84d4-f0feb2f92236	OPTIONS	/users	http://localhost:3000
20230621	20:14:49	d7225518-3136-47f8-b3a2-2ddba326b333	GET	/products	http://localhost:3000
20230621	20:14:49	22cdc670-bd2b-4e67-8904-75ec94ff7260	GET	/users	http://localhost:3000
20230621	20:14:49	211e3fc6-f0c7-4964-8713-a3f5bf2e6624	OPTIONS	/auth/refresh	http://localhost:3000
20230621	20:14:49	4c4f6a2c-de17-4fd7-b191-9a07b022e9e4	GET	/auth/refresh	http://localhost:3000
20230621	20:14:49	761111dc-ef93-4d2b-ac81-512001fbd183	GET	/auth/refresh	http://localhost:3000
20230622	00:22:47	dd0ec0f1-3c03-4908-aa90-02613e25761a	GET	/auth/refresh	http://localhost:3000
20230622	00:22:47	cf69d47f-0e12-4ed3-a4d6-b4b75f31e65e	GET	/auth/refresh	http://localhost:3000
20230622	00:29:42	2a197fce-393e-4c71-8809-1ad2b802cad2	OPTIONS	/auth	https://stellar-lolly-5fec33.netlify.app
20230622	00:38:17	988c79af-4785-4e16-97dc-28d66ab3e1f8	OPTIONS	/auth	https://zilla-admin.netlify.app
20230622	00:38:18	c86f4cda-b05b-4dc3-8f1b-b684ff9e2805	OPTIONS	/auth	https://zilla-admin.netlify.app
20230622	00:38:27	45f0aca9-7204-4ed6-9e44-3f45faa6eaee	OPTIONS	/auth	https://zilla-admin.netlify.app
20230622	00:39:27	9f87181e-56f1-4f01-bb7e-42d24ef55f32	OPTIONS	/auth	https://zilla-admin.netlify.app
20230622	00:39:27	1066b630-ac3c-4213-a926-2447db7b9a8b	POST	/auth	https://zilla-admin.netlify.app
20230622	00:39:27	92c1ca3e-6bcb-4d69-8fd6-672169914f1b	OPTIONS	/products	https://zilla-admin.netlify.app
20230622	00:39:27	4d3309da-1e07-416a-97bb-68f7142cd483	GET	/products	https://zilla-admin.netlify.app
20230622	00:39:27	85f86a01-1e7b-45c5-a32d-ffb29f4108b7	OPTIONS	/users	https://zilla-admin.netlify.app
20230622	00:39:27	a73a4400-e452-4d5f-b782-f5e415037f9c	GET	/users	https://zilla-admin.netlify.app
20230622	00:39:42	4c308349-6d0c-42f4-a641-527f0285c3d7	OPTIONS	/auth/refresh	https://zilla-admin.netlify.app
20230622	00:39:42	5cadf720-9169-4825-a822-5d8147fa6c80	GET	/auth/refresh	https://zilla-admin.netlify.app
20230622	00:39:42	74a2b5cf-6f69-4c64-9498-15b8cc25d79f	OPTIONS	/products	https://zilla-admin.netlify.app
20230622	00:39:42	0a4e1e20-871c-4714-b084-dc2c39cacc17	OPTIONS	/users	https://zilla-admin.netlify.app
20230622	00:39:42	204c9f19-4bb6-49a5-9527-80a5b07d5abf	GET	/products	https://zilla-admin.netlify.app
20230622	00:39:42	69f1e3c5-bdbb-4e2e-a8d2-f4ccf713182a	GET	/users	https://zilla-admin.netlify.app
20230622	00:41:47	9180fd98-da61-44a3-86a9-fc14ce30c962	OPTIONS	/auth/logout	https://zilla-admin.netlify.app
20230622	00:41:47	3b288047-7649-4f6c-9072-f20cd3751d8d	POST	/auth/logout	https://zilla-admin.netlify.app
20230622	00:41:58	e33b10cc-6712-454a-a744-cd9ffb769fcb	OPTIONS	/auth	https://zilla-admin.netlify.app
20230622	00:41:58	81247ab1-51c8-43bb-9c5b-dbc97fbca722	POST	/auth	https://zilla-admin.netlify.app
20230622	00:42:18	039098cd-4696-445a-9af4-6663403ac10e	OPTIONS	/auth	https://zilla-admin.netlify.app
20230622	00:42:18	24dae193-ede9-4135-ad05-76c64324e0f5	POST	/auth	https://zilla-admin.netlify.app
20230622	00:42:18	8da3534e-4794-41c4-b024-8abff64c94a1	OPTIONS	/products	https://zilla-admin.netlify.app
20230622	00:42:18	f43e6b69-8e91-449b-b041-d0106473a365	OPTIONS	/users	https://zilla-admin.netlify.app
20230622	00:42:18	46d7d054-3c28-46a5-9d80-50d5c1d7746d	GET	/products	https://zilla-admin.netlify.app
20230622	00:42:18	e2eecb47-3fa9-47fb-af7c-65665fb292c8	GET	/users	https://zilla-admin.netlify.app
20230622	00:42:23	a84cd96e-2ccf-470d-8e2e-786a8672ee76	OPTIONS	/auth/refresh	https://zilla-admin.netlify.app
20230622	00:42:23	51fef7ef-2333-48d9-871e-aa5d2cece888	GET	/auth/refresh	https://zilla-admin.netlify.app
20230622	00:42:24	eb50a2ca-1d0d-4778-97f5-aa02b7d5a44c	OPTIONS	/products	https://zilla-admin.netlify.app
20230622	00:42:24	427014c2-54ad-4750-b45d-ee83da18b0f3	OPTIONS	/users	https://zilla-admin.netlify.app
20230622	00:42:24	a1682587-ce28-485b-8b72-7dc4e0a0c263	GET	/products	https://zilla-admin.netlify.app
20230622	00:42:24	b2f4cec8-0bf9-452d-9ae9-4c4a8e41c33d	GET	/users	https://zilla-admin.netlify.app
20230622	00:50:30	b2f46ba5-e67d-435a-8d9b-1d4e60776414	OPTIONS	/auth/logout	https://zilla-admin.netlify.app
20230622	00:50:30	ac35baeb-ca11-4619-b676-817c5474ddaf	POST	/auth/logout	https://zilla-admin.netlify.app
20230622	00:50:33	a84b9519-3c82-47cc-bf50-8bd62f973b6f	OPTIONS	/auth/refresh	https://zilla-admin.netlify.app
20230622	00:50:33	4e98ca8d-b037-4820-8ca6-e6a919faf2c7	GET	/auth/refresh	https://zilla-admin.netlify.app
20230622	00:50:41	613acbf8-48d5-45b3-b3ed-dbd471138ccc	OPTIONS	/auth	https://zilla-admin.netlify.app
20230622	00:50:41	bdbb08c1-eec5-4c25-a420-2f9c03770c9e	POST	/auth	https://zilla-admin.netlify.app
20230622	00:50:41	40a482b8-7856-4f9b-9bf7-d77ac036e768	OPTIONS	/products	https://zilla-admin.netlify.app
20230622	00:50:42	d953a433-a220-4753-bb16-b60e5423d0b3	OPTIONS	/users	https://zilla-admin.netlify.app
20230622	00:50:42	9b5f17d7-f28d-4511-901f-7f576047b3ae	GET	/products	https://zilla-admin.netlify.app
20230622	00:50:42	7432956e-5a78-4aab-a850-d54ad8aa2c7f	GET	/users	https://zilla-admin.netlify.app
20230622	00:50:46	57acd6c3-a6c0-47e4-b3f5-bcfc45abe06e	OPTIONS	/auth/refresh	https://zilla-admin.netlify.app
20230622	00:50:46	207748c8-89f8-4f40-b98d-ae4d9a26e87f	GET	/auth/refresh	https://zilla-admin.netlify.app
20230622	00:50:46	9f84bcaa-8267-4598-86a5-ceeeefbf0239	GET	/products	https://zilla-admin.netlify.app
20230622	00:50:46	8781b277-9426-4261-9330-4e5d98610e89	GET	/users	https://zilla-admin.netlify.app
20230622	00:50:55	3e564274-6266-4c93-8555-a43d2964dcd7	OPTIONS	/users	https://zilla-admin.netlify.app
20230622	00:50:55	684bae8c-dabf-4fb8-b7f8-24b9d503e1a2	GET	/users	https://zilla-admin.netlify.app
20230622	00:51:02	368ab86e-0273-494e-9cc6-ae10f6bae88f	OPTIONS	/users	https://zilla-admin.netlify.app
20230622	00:51:02	0ca96ff6-637d-45e2-8897-710659df0b1f	GET	/users	https://zilla-admin.netlify.app
20230622	00:51:02	5d4d3119-456d-4828-a903-a358cd20dc7a	OPTIONS	/auth/refresh	https://zilla-admin.netlify.app
20230622	00:51:02	cf05f695-b5dc-4953-b69f-58b0dd79b978	GET	/auth/refresh	https://zilla-admin.netlify.app
20230622	00:51:03	1282d2cc-ae1d-4a4b-b2a8-9914a1669890	GET	/users	https://zilla-admin.netlify.app
20230622	00:51:06	9b6af25f-8ff4-43ac-97fe-1563de2d4b59	GET	/users	https://zilla-admin.netlify.app
20230622	00:51:10	17c72468-ad4d-432a-bb82-51c654176021	OPTIONS	/users	https://zilla-admin.netlify.app
20230622	00:51:10	99c0a3c6-2585-4957-9a3f-76408cf3ade7	GET	/users	https://zilla-admin.netlify.app
20230622	00:51:54	9e159670-e8e1-4004-a1c7-f63aa1a270f2	OPTIONS	/auth/logout	https://zilla-admin.netlify.app
20230622	00:51:54	b40407c0-095a-464a-8d94-72898a5a06dc	POST	/auth/logout	https://zilla-admin.netlify.app
20230622	00:52:01	cbc62722-8f17-426c-a67b-b51fe23f226b	OPTIONS	/auth	https://zilla-admin.netlify.app
20230622	00:52:01	4798cd30-656d-4d9c-9fb4-2662b9c2810f	POST	/auth	https://zilla-admin.netlify.app
20230622	00:52:01	45294fc1-809d-4b24-b72b-39013816733d	OPTIONS	/products	https://zilla-admin.netlify.app
20230622	00:52:01	84420641-41b1-4855-87bd-77495a5899eb	OPTIONS	/users	https://zilla-admin.netlify.app
20230622	00:52:01	5167758b-bfb0-467b-8517-a0e31f53ec8b	GET	/products	https://zilla-admin.netlify.app
20230622	00:52:01	4457a155-1e5b-4305-af2b-381ed6889d73	GET	/users	https://zilla-admin.netlify.app
20230622	00:52:08	00c124ef-d77c-4621-989f-77c123594aa9	OPTIONS	/auth/logout	https://zilla-admin.netlify.app
20230622	00:52:08	933c010e-b1a4-402a-b21a-31352626c82c	POST	/auth/logout	https://zilla-admin.netlify.app
20230622	00:57:07	88c98dee-ca82-4980-b106-818d3bada9c0	OPTIONS	/auth	https://zilla-admin.netlify.app
20230622	00:57:07	d607ab9f-1c6b-428f-89c5-03c39174812d	POST	/auth	https://zilla-admin.netlify.app
20230622	00:57:07	e05e813f-6e82-4a93-a2cb-3a8a1d590a36	OPTIONS	/users	https://zilla-admin.netlify.app
20230622	00:57:07	1d420e44-c98c-45eb-9ca7-afb697be84cc	OPTIONS	/products	https://zilla-admin.netlify.app
20230622	00:57:07	e16ffdcc-25d3-4f30-856c-6aaa545d45e9	GET	/products	https://zilla-admin.netlify.app
20230622	00:57:07	cd4e7818-564e-471d-8816-ade4c8268558	GET	/users	https://zilla-admin.netlify.app
20230622	00:57:34	05f9ffb5-7bcd-460c-933d-bf7932932666	GET	/auth/refresh	https://zilla-admin.netlify.app
20230622	00:58:09	86e43159-54c0-4448-9118-bc5c217fa274	OPTIONS	/auth	https://zilla-admin.netlify.app
20230622	00:58:09	067bd3e9-11e9-494b-b297-5b4f3968369e	POST	/auth	https://zilla-admin.netlify.app
20230622	00:58:09	66392f7c-8394-46f1-8969-893eb0bf131f	OPTIONS	/products	https://zilla-admin.netlify.app
20230622	00:58:09	6743bd2a-7bfc-4889-bb68-a236ebb45d42	OPTIONS	/users	https://zilla-admin.netlify.app
20230622	00:58:09	45aff225-7f9c-43a3-9ca4-b969f51ae0df	GET	/products	https://zilla-admin.netlify.app
20230622	00:58:09	279ae96a-99b2-4c0a-831a-eaeefdc67ad0	GET	/users	https://zilla-admin.netlify.app
20230622	00:58:35	47001b5f-e1fb-4823-8fa8-768d70d78d5f	GET	/auth/refresh	https://zilla-admin.netlify.app
20230622	00:58:35	f237ff0b-df8f-4aec-9e8f-e948e605d474	OPTIONS	/products	https://zilla-admin.netlify.app
20230622	00:58:35	29a9fbad-6075-4ccf-b1a4-a089f84433d4	OPTIONS	/users	https://zilla-admin.netlify.app
20230622	00:58:35	36bbcbd8-dcf7-452e-9e34-24371138185f	GET	/products	https://zilla-admin.netlify.app
20230622	00:58:35	ffbd8b47-37ca-4a31-8685-52cf419f4a19	GET	/users	https://zilla-admin.netlify.app
20230622	00:59:31	58606dda-ae16-48ca-a1c4-515a7be4ae15	OPTIONS	/auth	https://zilla-admin.netlify.app
20230622	00:59:31	bbf5b716-bb4e-4a8b-b2f6-88b306fced13	POST	/auth	https://zilla-admin.netlify.app
20230622	01:00:04	8b767ffc-79c2-43f6-8dfd-13322196245f	OPTIONS	/auth	https://zilla-admin.netlify.app
20230622	01:00:04	b6f709a7-19ee-41b5-a294-3d6a5f48eeb9	POST	/auth	https://zilla-admin.netlify.app
20230622	01:00:04	0b33887f-8131-44e6-a1c3-b453fa3ecbdd	OPTIONS	/products	https://zilla-admin.netlify.app
20230622	01:00:04	36d4318d-2b59-4f08-8ba9-4f89efb7bb90	OPTIONS	/users	https://zilla-admin.netlify.app
20230622	01:00:04	aad31806-fe7a-459e-a3bb-9b361b55e33f	GET	/products	https://zilla-admin.netlify.app
20230622	01:00:04	dba9ba3f-6d47-4dd0-bafd-f81db564a39d	GET	/users	https://zilla-admin.netlify.app
20230622	01:00:26	9884c782-7ca6-41b0-beb8-c5ddab9b13c3	OPTIONS	/auth/logout	https://zilla-admin.netlify.app
20230622	01:00:26	5a9c8f17-bf3a-4934-9ff9-196310e9d759	POST	/auth/logout	https://zilla-admin.netlify.app
20230622	01:00:57	66be8734-72a7-4292-815f-dff71204bb07	OPTIONS	/auth	https://zilla-admin.netlify.app
20230622	01:00:57	12585998-3254-4326-96ac-897fcfcf4e35	POST	/auth	https://zilla-admin.netlify.app
20230622	01:01:00	12c7eb44-aeac-4a48-9575-0025f2a224c0	POST	/auth	https://zilla-admin.netlify.app
20230622	01:01:00	a17de389-c802-4722-97e7-4d03b70d52f6	OPTIONS	/products	https://zilla-admin.netlify.app
20230622	01:01:00	51e6c34f-676f-4841-b577-ca3b39d5e752	OPTIONS	/users	https://zilla-admin.netlify.app
20230622	01:01:00	808e6d1f-1af4-498a-b73d-c5687d8f9ed1	GET	/products	https://zilla-admin.netlify.app
20230622	01:01:00	781743f0-4934-4391-a0be-a31170423099	GET	/users	https://zilla-admin.netlify.app
20230622	01:01:29	767cea95-3e0a-418e-a7de-910adca6f7ca	OPTIONS	/auth	https://zilla-admin.netlify.app
20230622	01:01:29	5facd2d9-8175-48e0-9a1b-33c9e71dd7c5	POST	/auth	https://zilla-admin.netlify.app
20230622	01:01:29	f40a04cf-b009-42d4-8e1f-d78a78d40719	OPTIONS	/products	https://zilla-admin.netlify.app
20230622	01:01:29	57557b58-34e0-40ec-b1e7-8a59a79bab1e	GET	/products	https://zilla-admin.netlify.app
20230622	01:01:29	c098ccce-7f96-4177-bf1f-c7c0baca73f3	OPTIONS	/users	https://zilla-admin.netlify.app
20230622	01:01:29	d53f2b97-51b9-4e3f-9e54-e0e65a79d5f5	GET	/users	https://zilla-admin.netlify.app
20230622	01:02:29	10bf54c7-db99-4c7d-af94-053464723c3d	OPTIONS	/users	https://zilla-admin.netlify.app
20230622	01:02:29	e2ee090a-0996-4aff-98f6-2fddf385968c	GET	/users	https://zilla-admin.netlify.app
20230622	01:02:29	be25ef33-25d6-4635-853f-20376bd4c8da	OPTIONS	/auth/refresh	https://zilla-admin.netlify.app
20230622	01:02:29	194f52f1-3c3a-4506-95e4-897c30e1606d	GET	/auth/refresh	https://zilla-admin.netlify.app
20230622	01:02:54	5f7322a3-e38f-445d-a377-31acdb9a58c0	OPTIONS	/auth/logout	https://zilla-admin.netlify.app
20230622	01:02:54	88b53f2b-0b30-47d9-b246-a4913d41d890	POST	/auth/logout	https://zilla-admin.netlify.app
20230622	01:03:52	e997ddb9-20b8-480d-a77d-202cbc747312	OPTIONS	/auth/logout	https://zilla-admin.netlify.app
20230622	01:03:52	058be089-5ea6-4c8b-b742-1890cbf0bbf2	POST	/auth/logout	https://zilla-admin.netlify.app
20230622	01:04:51	2074e3c7-4cd3-4cf7-b5c2-33630d9cc07e	OPTIONS	/auth	https://zilla-admin.netlify.app
20230622	01:04:51	95a8af79-e576-4486-bf20-44aeeba81ab3	POST	/auth	https://zilla-admin.netlify.app
20230622	01:05:08	47e115a4-fec9-43b0-87c8-31748e385866	OPTIONS	/auth	https://zilla-admin.netlify.app
20230622	01:05:08	d7f8d435-50a3-4ba3-8013-e7c0165d030e	POST	/auth	https://zilla-admin.netlify.app
20230622	01:05:08	fa83cdbb-e9d4-4b08-8b3e-a31aaec6f3e4	OPTIONS	/products	https://zilla-admin.netlify.app
20230622	01:05:08	01591a52-50e0-4c43-ae58-5342ba7db4a6	OPTIONS	/users	https://zilla-admin.netlify.app
20230622	01:05:08	2fbc60f8-13d7-4b2d-ac30-3b7756e844cb	GET	/products	https://zilla-admin.netlify.app
20230622	01:05:08	b85b82b2-6bb4-4a2f-af6d-f1698bd0d074	GET	/users	https://zilla-admin.netlify.app
20230622	01:20:06	dbffae18-e0ce-41bb-a4fa-3b71e170918d	OPTIONS	/auth	https://zilla-admin.netlify.app
20230622	01:20:06	0046f38d-bcf2-454d-84e4-acbc28477a37	POST	/auth	https://zilla-admin.netlify.app
20230622	01:20:07	8145887a-bcef-4d9a-abfd-992ea51235d0	OPTIONS	/products	https://zilla-admin.netlify.app
20230622	01:20:07	0b5987ba-0e1d-4424-9795-df3e7a34bcde	OPTIONS	/users	https://zilla-admin.netlify.app
20230622	01:20:07	74c3bb49-d73d-4a45-b23d-4f83af8f8add	GET	/products	https://zilla-admin.netlify.app
20230622	01:20:07	76c1ef91-d9a4-4d2c-8451-0e7ffef3f4b0	GET	/users	https://zilla-admin.netlify.app
20230622	01:20:29	c1f61aed-abb3-487c-b042-89906ff69183	OPTIONS	/auth	https://zilla-admin.netlify.app
20230622	01:20:29	ef0c8bac-637b-4608-b705-ea82dd83e3bf	POST	/auth	https://zilla-admin.netlify.app
20230622	01:20:29	b401fde2-689a-427d-9092-9d3e3fc9fce4	OPTIONS	/products	https://zilla-admin.netlify.app
20230622	01:20:29	44495108-3790-4e14-8b93-4eadaf7e2172	OPTIONS	/users	https://zilla-admin.netlify.app
20230622	01:20:29	9db1b0f7-e446-4976-85c1-4281f2e2453d	GET	/products	https://zilla-admin.netlify.app
20230622	01:20:29	9a3f50f9-00d3-4550-82bf-b22c52d29230	GET	/users	https://zilla-admin.netlify.app
20230622	02:40:05	0350ed28-d78f-4736-a171-663307e6873c	OPTIONS	/auth/refresh	https://zilla-admin.netlify.app
20230622	02:40:05	7e0c9a63-cb9b-4480-9e61-e8e788f4a979	GET	/auth/refresh	https://zilla-admin.netlify.app
20230622	02:40:05	bd01fed0-550a-4312-83a3-2f7c673b3d4c	GET	/auth/refresh	https://zilla-admin.netlify.app
20230622	02:40:20	226ca341-f71b-4c14-8fbc-3a488ad007e5	OPTIONS	/auth	https://zilla-admin.netlify.app
20230622	02:40:20	ef2a0b96-20f6-4c53-bd0e-247155cc4f20	POST	/auth	https://zilla-admin.netlify.app
20230622	02:40:20	9b6acd40-a787-4cad-9806-b1b58fbf1af8	OPTIONS	/products	https://zilla-admin.netlify.app
20230622	02:40:20	195cbaa0-56fc-4134-92bb-08052902e080	OPTIONS	/users	https://zilla-admin.netlify.app
20230622	02:40:20	4284bc0b-130e-4752-8d8c-3466282cbd8d	GET	/products	https://zilla-admin.netlify.app
20230622	02:40:20	65a3caeb-42ca-4e2d-a78c-b0451880a7b2	GET	/users	https://zilla-admin.netlify.app
20230622	02:40:49	961eb374-3807-4be7-96b6-b4e582f8f9ab	OPTIONS	/products	https://zilla-admin.netlify.app
20230622	02:40:49	3a4d7315-ce7a-4658-a4dc-98c0b51826c9	OPTIONS	/users	https://zilla-admin.netlify.app
20230622	02:40:49	3ddc0322-097f-46c6-bc9d-c1ab2415c709	GET	/users	https://zilla-admin.netlify.app
20230622	02:40:49	b04773ef-647f-4468-b055-a753c756f22e	GET	/products	https://zilla-admin.netlify.app
20230622	02:40:49	b181e6bb-b8ef-4f1b-ad69-38a3fc4385d8	OPTIONS	/auth/refresh	https://zilla-admin.netlify.app
20230622	02:40:49	f8ceae7c-985c-4461-b364-45e55935c9af	GET	/auth/refresh	https://zilla-admin.netlify.app
20230622	02:40:49	a989a645-decc-482c-912b-7362b4e25e29	GET	/auth/refresh	https://zilla-admin.netlify.app
20230622	02:40:49	bc764d50-28fe-4bdd-a56d-c0ffef84d254	GET	/products	https://zilla-admin.netlify.app
20230622	02:40:49	2bc8c29c-b7a0-457e-ac56-12123c4b4789	GET	/users	https://zilla-admin.netlify.app
20230622	02:40:51	0bd1d1f6-35a3-47c5-932b-ba1753505f99	GET	/auth/refresh	https://zilla-admin.netlify.app
20230622	02:40:51	4d5d656e-1608-4edc-b625-aae0c96866ca	GET	/auth/refresh	https://zilla-admin.netlify.app
20230622	02:41:10	f32e5124-cef5-4d7a-9f61-bf4e4443a041	OPTIONS	/auth	https://zilla-admin.netlify.app
20230622	02:41:10	b9b8798b-85fc-4b53-9005-2ecfd44d347b	POST	/auth	https://zilla-admin.netlify.app
20230622	02:41:13	fade11f5-fbd3-4672-9519-445ae84e7f9d	POST	/auth	https://zilla-admin.netlify.app
20230622	02:41:14	fc147090-e714-4a55-8f2f-2b0ea2d15b01	OPTIONS	/products	https://zilla-admin.netlify.app
20230622	02:41:14	d8a58ff6-72e0-4c7c-9c99-f63e304b1ad3	OPTIONS	/users	https://zilla-admin.netlify.app
20230622	02:41:14	394b73af-7676-4019-b637-d57db5b2cdd1	GET	/products	https://zilla-admin.netlify.app
20230622	02:41:14	173949ac-b988-4e65-a8b5-c4ab22a57822	GET	/users	https://zilla-admin.netlify.app
20230622	11:27:14	fd850c0d-a711-4a65-b799-4a9eadd739a1	OPTIONS	/auth	https://zilla-admin.netlify.app
20230622	11:27:14	1c817950-dab9-4111-886b-69a4c5ead3b5	POST	/auth	https://zilla-admin.netlify.app
20230622	11:27:19	b8595a7a-486d-4014-8d83-8dc5059501a0	POST	/auth	https://zilla-admin.netlify.app
20230622	11:27:19	b191ba93-217f-4830-8e25-4fac6d4bc784	OPTIONS	/products	https://zilla-admin.netlify.app
20230622	11:27:19	7138077b-d58b-4610-8aa0-249415e3e9fe	OPTIONS	/users	https://zilla-admin.netlify.app
20230622	11:27:19	ab664415-4259-40bd-affe-a6782366edbb	GET	/products	https://zilla-admin.netlify.app
20230622	11:27:19	eb7a9a08-b5fd-425d-8ec4-a62bca2922b3	GET	/users	https://zilla-admin.netlify.app
20230624	17:41:46	f115cd54-558d-4855-a6e0-e2ee5a715632	GET	/	undefined
20230624	17:42:15	bcafe0e0-9090-49da-bc58-616a423f6880	GET	/requested.html	undefined
20230626	12:01:38	045be27f-4054-46be-bc74-4f173e4a4401	OPTIONS	/auth	http://localhost:3000
20230626	12:01:38	607e96d1-94f1-45fb-928f-3250d0a53eeb	POST	/auth	http://localhost:3000
20230626	12:01:44	88df583f-5a6a-442d-b648-e7e91bfad263	OPTIONS	/auth	http://localhost:3000
20230626	12:01:44	5ce1bfc9-db63-4e94-926b-a198d67bf1c5	POST	/auth	http://localhost:3000
20230626	12:02:54	2ebafafa-e4fc-44ae-9bc4-f7707e623b1a	OPTIONS	/auth	http://localhost:3000
20230626	12:02:54	278d6668-4253-4a6e-a886-ce859ae23713	POST	/auth	http://localhost:3000
20230626	12:02:55	bd2dd9d0-1da8-4bf3-8958-852114c37087	OPTIONS	/products	http://localhost:3000
20230626	12:02:55	3124b277-d7cc-4a0d-bd98-316f91df9f60	OPTIONS	/users	http://localhost:3000
20230626	12:02:55	2234e86f-bd0d-4cd3-bae2-a0da70be077c	GET	/products	http://localhost:3000
20230626	12:02:55	987e8bfe-abcd-4ecc-8816-71e6b3f548fb	GET	/users	http://localhost:3000
20230626	12:03:00	e684ada8-b2d7-45e8-aa6f-184ea20cf06f	OPTIONS	/products	http://localhost:3000
20230626	12:03:00	8df29d76-470f-4042-8ed9-e67cd562846b	OPTIONS	/users	http://localhost:3000
20230626	12:03:00	267e8797-c5ba-4c7f-b978-1c0c2d87181f	GET	/products	http://localhost:3000
20230626	12:03:00	3e76f68d-4320-4ae2-a3f2-c39edaed1db4	GET	/users	http://localhost:3000
20230626	12:03:02	15811070-13fe-4d12-9ec4-688503f7fc58	GET	/auth/refresh	http://localhost:3000
20230626	12:03:03	b9ca7227-b321-4812-9c66-d846ec2400ce	GET	/products	http://localhost:3000
20230626	12:03:03	b18200ba-98de-4210-b5ed-3cf004638b13	GET	/users	http://localhost:3000
20230626	12:05:11	b73cb792-8886-43cf-9e3d-5946eb340544	GET	/auth/refresh	http://localhost:3000
20230626	12:05:11	8c0f70f5-d94a-4728-b937-4e02c5c9ab97	GET	/auth/refresh	http://localhost:3000
20230626	12:05:24	ad030bc2-3019-46a5-9bb7-26848851fa84	OPTIONS	/auth	http://localhost:3000
20230626	12:05:24	0835b7a7-7969-4680-81f1-cde18a94b048	POST	/auth	http://localhost:3000
20230626	12:05:24	68526987-0bd2-4f51-88d3-4fde74f918c9	OPTIONS	/products	http://localhost:3000
20230626	12:05:24	58e98f89-c78b-42dc-abee-fd2b8223a41c	OPTIONS	/users	http://localhost:3000
20230626	12:05:24	1bc5af3b-7e84-4de6-ab17-0dc6a11e6ec7	GET	/products	http://localhost:3000
20230626	12:05:24	1b3f9eec-35c0-4b23-9ed2-34c051cc68b6	GET	/users	http://localhost:3000
20230626	12:06:42	b282dbfc-cd0e-4214-b928-706746313231	GET	/auth/refresh	http://localhost:3000
20230626	12:06:42	c3654727-427a-4945-99ec-594348dec794	GET	/auth/refresh	http://localhost:3000
20230626	12:06:53	9c94da16-ba09-4168-b58f-fda0793cab85	OPTIONS	/auth	http://localhost:3000
20230626	12:06:53	6461c09c-a012-4e89-94a6-6c4b2feae3ba	POST	/auth	http://localhost:3000
20230626	12:06:53	085813f6-4166-45e8-a212-dd231bbb4ffd	OPTIONS	/products	http://localhost:3000
20230626	12:06:53	a985abd4-d367-4d4e-8489-a8369ce2f9b0	OPTIONS	/users	http://localhost:3000
20230626	12:06:53	0a70fe8d-db10-4151-b2ea-76eda3988c0b	GET	/products	http://localhost:3000
20230626	12:06:53	1ecc45d8-886d-4eab-9436-e82ef3e49d6b	GET	/users	http://localhost:3000
20230626	12:06:55	1331d64b-576e-4300-9dc4-74e0c6f34f90	GET	/auth/refresh	http://localhost:3000
20230626	12:06:55	cb8b39f6-63b4-47a7-8b92-2a512b78bcea	GET	/users	http://localhost:3000
20230626	12:06:55	84e6897d-765e-47f2-8617-30259b4cecbe	GET	/products	http://localhost:3000
20230626	12:06:57	83a91f3c-0c2e-4813-8cb7-9337bde2ad5b	GET	/auth/refresh	http://localhost:3000
20230626	12:06:57	f3fa8537-c748-4c05-9eea-53e5dc0b647e	GET	/products	http://localhost:3000
20230626	12:06:57	154df207-e58a-40de-9ba6-d908eea13553	GET	/users	http://localhost:3000
20230626	12:06:58	e82ddd77-d955-4493-ba9e-94c420a984b9	GET	/auth/refresh	http://localhost:3000
20230626	12:06:58	4b1ef567-3546-42e1-ab9c-2f3a8a400ab5	OPTIONS	/products	http://localhost:3000
20230626	12:06:58	61d6b2a3-83ab-43d2-871d-43e8e314cc8e	OPTIONS	/users	http://localhost:3000
20230626	12:06:58	64e1e67d-814e-4283-9ef2-616599463c3b	GET	/products	http://localhost:3000
20230626	12:06:58	35cf7840-a55b-46f4-8b7d-d39c26a9608e	GET	/users	http://localhost:3000
20230626	12:06:59	a72ef4d8-0b3e-4e2a-b03b-c106881d2b28	GET	/auth/refresh	http://localhost:3000
20230626	12:06:59	95441337-bf81-4589-9af4-6f1911e36191	GET	/products	http://localhost:3000
20230626	12:06:59	24f07d3e-d399-4233-8568-d697e6e91651	GET	/users	http://localhost:3000
20230626	12:07:00	f89eb88b-c439-42d6-ac6c-b82a8f50a277	GET	/auth/refresh	http://localhost:3000
20230626	12:07:01	883b4c48-91f4-4673-8d51-aad879a10a33	GET	/products	http://localhost:3000
20230626	12:07:01	112940df-da80-40e3-9dd0-7b7cb2439085	GET	/users	http://localhost:3000
